<?xml version="1.0" encoding="UTF-8"?>
<robot generator="Robot 6.1.1 (Python 3.7.2 on win32)" generated="20240507 12:23:49.381" rpa="false" schemaversion="4">
<suite id="s1" name="Robot" source="C:\Users\lukas_IT\Desktop\ZKOUSKA\Robot">
<suite id="s1-s1" name="TestSada 100-HlavniStranka" source="C:\Users\lukas_IT\Desktop\ZKOUSKA\Robot\TestSada_100-HlavniStranka">
<suite id="s1-s1-s1" name="TestSada FE 001 TestovaniFrontEnd" source="C:\Users\lukas_IT\Desktop\ZKOUSKA\Robot\TestSada_100-HlavniStranka\TestSada_FE_001_TestovaniFrontEnd">
<suite id="s1-s1-s1-s1" name="TestSada FE 002 Cookies" source="C:\Users\lukas_IT\Desktop\ZKOUSKA\Robot\TestSada_100-HlavniStranka\TestSada_FE_001_TestovaniFrontEnd\TestSada_FE_002_Cookies">
<suite id="s1-s1-s1-s1-s1" name="KontrolaFunkcnostiTlacitekCookies" source="C:\Users\lukas_IT\Desktop\ZKOUSKA\Robot\TestSada_100-HlavniStranka\TestSada_FE_001_TestovaniFrontEnd\TestSada_FE_002_Cookies\KontrolaFunkcnostiTlacitekCookies.robot">
<test id="s1-s1-s1-s1-s1-t1" name="Pre-Conditions" line="10">
<kw name="Set Selenium Speed" library="SeleniumLibrary">
<arg>0.4</arg>
<doc>Sets the delay that is waited after each Selenium command.</doc>
<status status="PASS" starttime="20240507 12:23:49.715" endtime="20240507 12:23:49.716"/>
</kw>
<kw name="Open Browser" library="SeleniumLibrary">
<arg>${URL}</arg>
<arg>${ProhlizecChrome}</arg>
<doc>Opens a new browser instance to the optional ``url``.</doc>
<msg timestamp="20240507 12:23:49.717" level="INFO">Opening browser 'Chrome' to base url 'https://www.dm.cz/'.</msg>
<status status="PASS" starttime="20240507 12:23:49.716" endtime="20240507 12:23:53.177"/>
</kw>
<kw name="Maximize Browser Window" library="SeleniumLibrary">
<doc>Maximizes current browser window.</doc>
<status status="PASS" starttime="20240507 12:23:53.178" endtime="20240507 12:23:53.757"/>
</kw>
<kw name="Wait Until Location Is" library="SeleniumLibrary">
<arg>${URL}</arg>
<doc>Waits until the current URL is ``expected``.</doc>
<status status="PASS" starttime="20240507 12:23:53.757" endtime="20240507 12:23:54.189"/>
</kw>
<status status="PASS" starttime="20240507 12:23:49.714" endtime="20240507 12:23:54.190"/>
</test>
<test id="s1-s1-s1-s1-s1-t2" name="TestCase_FE-101 – Kontrola funkčnosti tlačítek cookies" line="16">
<kw name="KontrolaFunkcnostiTlacitekCookies">
<kw name="Wait Until Element Is Visible" library="SeleniumLibrary">
<arg>${CookieButton}</arg>
<arg>timeout=10s</arg>
<doc>Waits until the element ``locator`` is visible.</doc>
<status status="PASS" starttime="20240507 12:23:54.193" endtime="20240507 12:23:55.038"/>
</kw>
<kw name="Element Should Be Visible" library="SeleniumLibrary">
<arg>${CookieButton}</arg>
<doc>Verifies that the element identified by ``locator`` is visible.</doc>
<msg timestamp="20240507 12:23:55.877" level="INFO">Element 'dom:document.querySelector("#usercentrics-root").shadowRoot.querySelector("div[data-nosnippet='1'] .sc-aXZVg.jTGmCV div div .sc-dLMFU.QpAxQ .sc-eDPEul.jgnOsR .sc-kdBSHD.hwjBDA .sc-tagGq.rKCAx .sc-dtBdUo.fzvttm .sc-dcJsrY.idAmLR")' is displayed.</msg>
<status status="PASS" starttime="20240507 12:23:55.038" endtime="20240507 12:23:55.877"/>
</kw>
<kw name="Click Element" library="SeleniumLibrary">
<arg>${CookieButton}</arg>
<doc>Click the element identified by ``locator``.</doc>
<msg timestamp="20240507 12:23:55.878" level="INFO">Clicking element 'dom:document.querySelector("#usercentrics-root").shadowRoot.querySelector("div[data-nosnippet='1'] .sc-aXZVg.jTGmCV div div .sc-dLMFU.QpAxQ .sc-eDPEul.jgnOsR .sc-kdBSHD.hwjBDA .sc-tagGq.rKCAx .sc-dtBdUo.fzvttm .sc-dcJsrY.idAmLR")'.</msg>
<status status="PASS" starttime="20240507 12:23:55.877" endtime="20240507 12:23:56.779"/>
</kw>
<status status="PASS" starttime="20240507 12:23:54.193" endtime="20240507 12:23:56.779"/>
</kw>
<status status="PASS" starttime="20240507 12:23:54.192" endtime="20240507 12:23:56.781"/>
</test>
<test id="s1-s1-s1-s1-s1-t3" name="Post-conditions" line="19">
<kw name="Close Browser" library="SeleniumLibrary">
<doc>Closes the current browser.</doc>
<status status="PASS" starttime="20240507 12:23:56.785" endtime="20240507 12:23:59.328"/>
</kw>
<status status="PASS" starttime="20240507 12:23:56.783" endtime="20240507 12:23:59.329"/>
</test>
<status status="PASS" starttime="20240507 12:23:49.421" endtime="20240507 12:23:59.331"/>
</suite>
<suite id="s1-s1-s1-s1-s2" name="KontrolaViditelnostiTlacitekCookies" source="C:\Users\lukas_IT\Desktop\ZKOUSKA\Robot\TestSada_100-HlavniStranka\TestSada_FE_001_TestovaniFrontEnd\TestSada_FE_002_Cookies\KontrolaViditelnostiTlacitekCookies.robot">
<test id="s1-s1-s1-s1-s2-t1" name="Pre-Conditions" line="10">
<kw name="Set Selenium Speed" library="SeleniumLibrary">
<arg>0.4</arg>
<doc>Sets the delay that is waited after each Selenium command.</doc>
<status status="PASS" starttime="20240507 12:23:59.340" endtime="20240507 12:23:59.340"/>
</kw>
<kw name="Open Browser" library="SeleniumLibrary">
<arg>${URL}</arg>
<arg>${ProhlizecChrome}</arg>
<doc>Opens a new browser instance to the optional ``url``.</doc>
<msg timestamp="20240507 12:23:59.341" level="INFO">Opening browser 'Chrome' to base url 'https://www.dm.cz/'.</msg>
<status status="PASS" starttime="20240507 12:23:59.341" endtime="20240507 12:24:02.300"/>
</kw>
<kw name="Maximize Browser Window" library="SeleniumLibrary">
<doc>Maximizes current browser window.</doc>
<status status="PASS" starttime="20240507 12:24:02.300" endtime="20240507 12:24:02.803"/>
</kw>
<kw name="Wait Until Location Is" library="SeleniumLibrary">
<arg>${URL}</arg>
<doc>Waits until the current URL is ``expected``.</doc>
<status status="PASS" starttime="20240507 12:24:02.804" endtime="20240507 12:24:03.218"/>
</kw>
<status status="PASS" starttime="20240507 12:23:59.340" endtime="20240507 12:24:03.219"/>
</test>
<test id="s1-s1-s1-s1-s2-t2" name="TestCase_FE-100 – Kontrola viditelnosti tlačítek cookies" line="16">
<kw name="KontrolaViditelnostiTlacitekCookies">
<kw name="Wait Until Element Is Visible" library="SeleniumLibrary">
<arg>${CookieButton}</arg>
<arg>timeout=10s</arg>
<doc>Waits until the element ``locator`` is visible.</doc>
<status status="PASS" starttime="20240507 12:24:03.222" endtime="20240507 12:24:04.068"/>
</kw>
<kw name="Element Should Be Visible" library="SeleniumLibrary">
<arg>${CookieButton}</arg>
<doc>Verifies that the element identified by ``locator`` is visible.</doc>
<msg timestamp="20240507 12:24:04.908" level="INFO">Element 'dom:document.querySelector("#usercentrics-root").shadowRoot.querySelector("div[data-nosnippet='1'] .sc-aXZVg.jTGmCV div div .sc-dLMFU.QpAxQ .sc-eDPEul.jgnOsR .sc-kdBSHD.hwjBDA .sc-tagGq.rKCAx .sc-dtBdUo.fzvttm .sc-dcJsrY.idAmLR")' is displayed.</msg>
<status status="PASS" starttime="20240507 12:24:04.068" endtime="20240507 12:24:04.908"/>
</kw>
<status status="PASS" starttime="20240507 12:24:03.222" endtime="20240507 12:24:04.908"/>
</kw>
<status status="PASS" starttime="20240507 12:24:03.221" endtime="20240507 12:24:04.909"/>
</test>
<test id="s1-s1-s1-s1-s2-t3" name="Post-conditions" line="19">
<kw name="Close Browser" library="SeleniumLibrary">
<doc>Closes the current browser.</doc>
<status status="PASS" starttime="20240507 12:24:04.912" endtime="20240507 12:24:07.398"/>
</kw>
<status status="PASS" starttime="20240507 12:24:04.911" endtime="20240507 12:24:07.399"/>
</test>
<status status="PASS" starttime="20240507 12:23:59.334" endtime="20240507 12:24:07.401"/>
</suite>
<status status="PASS" starttime="20240507 12:23:49.418" endtime="20240507 12:24:07.404"/>
</suite>
<suite id="s1-s1-s1-s2" name="TestSada FE 003 NavigacniMenu" source="C:\Users\lukas_IT\Desktop\ZKOUSKA\Robot\TestSada_100-HlavniStranka\TestSada_FE_001_TestovaniFrontEnd\TestSada_FE_003_NavigacniMenu">
<suite id="s1-s1-s1-s2-s1" name="TestSada FE 004 TlacitkaNavigacnihoMenu" source="C:\Users\lukas_IT\Desktop\ZKOUSKA\Robot\TestSada_100-HlavniStranka\TestSada_FE_001_TestovaniFrontEnd\TestSada_FE_003_NavigacniMenu\TestSada_FE_004_TlacitkaNavigacnihoMenu">
<suite id="s1-s1-s1-s2-s1-s1" name="KontrolaFunkcnostiTlacitek" source="C:\Users\lukas_IT\Desktop\ZKOUSKA\Robot\TestSada_100-HlavniStranka\TestSada_FE_001_TestovaniFrontEnd\TestSada_FE_003_NavigacniMenu\TestSada_FE_004_TlacitkaNavigacnihoMenu\KontrolaFunkcnostiTlacitek.robot">
<test id="s1-s1-s1-s2-s1-s1-t1" name="Pre-Conditions" line="11">
<kw name="Set Selenium Speed" library="SeleniumLibrary">
<arg>0.4</arg>
<doc>Sets the delay that is waited after each Selenium command.</doc>
<status status="PASS" starttime="20240507 12:24:07.423" endtime="20240507 12:24:07.423"/>
</kw>
<kw name="Open Browser" library="SeleniumLibrary">
<arg>${URL}</arg>
<arg>${ProhlizecChrome}</arg>
<doc>Opens a new browser instance to the optional ``url``.</doc>
<msg timestamp="20240507 12:24:07.424" level="INFO">Opening browser 'Chrome' to base url 'https://www.dm.cz/'.</msg>
<status status="PASS" starttime="20240507 12:24:07.424" endtime="20240507 12:24:10.434"/>
</kw>
<kw name="Maximize Browser Window" library="SeleniumLibrary">
<doc>Maximizes current browser window.</doc>
<status status="PASS" starttime="20240507 12:24:10.435" endtime="20240507 12:24:10.943"/>
</kw>
<kw name="Wait Until Location Is" library="SeleniumLibrary">
<arg>${URL}</arg>
<doc>Waits until the current URL is ``expected``.</doc>
<status status="PASS" starttime="20240507 12:24:10.943" endtime="20240507 12:24:11.362"/>
</kw>
<kw name="Wait Until Element Is Visible" library="SeleniumLibrary">
<arg>${CookieButton}</arg>
<arg>timeout=10s</arg>
<doc>Waits until the element ``locator`` is visible.</doc>
<status status="PASS" starttime="20240507 12:24:11.363" endtime="20240507 12:24:12.207"/>
</kw>
<kw name="Click Element" library="SeleniumLibrary">
<arg>${CookieButton}</arg>
<doc>Click the element identified by ``locator``.</doc>
<msg timestamp="20240507 12:24:12.208" level="INFO">Clicking element 'dom:document.querySelector("#usercentrics-root").shadowRoot.querySelector("div[data-nosnippet='1'] .sc-aXZVg.jTGmCV div div .sc-dLMFU.QpAxQ .sc-eDPEul.jgnOsR .sc-kdBSHD.hwjBDA .sc-tagGq.rKCAx .sc-dtBdUo.fzvttm .sc-dcJsrY.idAmLR")'.</msg>
<status status="PASS" starttime="20240507 12:24:12.208" endtime="20240507 12:24:13.087"/>
</kw>
<kw name="Wait Until Element Is Visible" library="SeleniumLibrary">
<arg>${ClosePopUp}</arg>
<doc>Waits until the element ``locator`` is visible.</doc>
<status status="PASS" starttime="20240507 12:24:13.088" endtime="20240507 12:24:13.974"/>
</kw>
<kw name="Click Element" library="SeleniumLibrary">
<arg>${ClosePopUp}</arg>
<doc>Click the element identified by ``locator``.</doc>
<msg timestamp="20240507 12:24:13.975" level="INFO">Clicking element '//button[@title='Zavřít']'.</msg>
<status status="PASS" starttime="20240507 12:24:13.975" endtime="20240507 12:24:14.896"/>
</kw>
<status status="PASS" starttime="20240507 12:24:07.422" endtime="20240507 12:24:14.897"/>
</test>
<test id="s1-s1-s1-s2-s1-s1-t2" name="TestCase_FE-103 – Kontrola funkčnosti tlačítek (přesměrování)" line="21">
<kw name="KontrolaFunkcnostiTlacitek">
<kw name="Wait Until Element Is Visible" library="SeleniumLibrary">
<arg>${New}</arg>
<doc>Waits until the element ``locator`` is visible.</doc>
<status status="PASS" starttime="20240507 12:24:14.901" endtime="20240507 12:24:15.744"/>
</kw>
<kw name="Click Element" library="SeleniumLibrary">
<arg>${New}</arg>
<doc>Click the element identified by ``locator``.</doc>
<msg timestamp="20240507 12:24:15.745" level="INFO">Clicking element '//a[@title='Nové']'.</msg>
<status status="PASS" starttime="20240507 12:24:15.744" endtime="20240507 12:24:16.678"/>
</kw>
<kw name="Wait Until Element Is Visible" library="SeleniumLibrary">
<arg>${Brands}</arg>
<doc>Waits until the element ``locator`` is visible.</doc>
<status status="PASS" starttime="20240507 12:24:16.678" endtime="20240507 12:24:17.577"/>
</kw>
<kw name="Click Element" library="SeleniumLibrary">
<arg>${Brands}</arg>
<doc>Click the element identified by ``locator``.</doc>
<msg timestamp="20240507 12:24:17.578" level="INFO">Clicking element '//a[@title='Značky']'.</msg>
<status status="PASS" starttime="20240507 12:24:17.577" endtime="20240507 12:24:18.496"/>
</kw>
<kw name="Wait Until Element Is Visible" library="SeleniumLibrary">
<arg>${MakeUp}</arg>
<doc>Waits until the element ``locator`` is visible.</doc>
<status status="PASS" starttime="20240507 12:24:18.497" endtime="20240507 12:24:19.372"/>
</kw>
<kw name="Click Element" library="SeleniumLibrary">
<arg>${MakeUp}</arg>
<doc>Click the element identified by ``locator``.</doc>
<msg timestamp="20240507 12:24:19.373" level="INFO">Clicking element '//a[@title='Líčení']'.</msg>
<status status="PASS" starttime="20240507 12:24:19.372" endtime="20240507 12:24:20.287"/>
</kw>
<kw name="Wait Until Element Is Visible" library="SeleniumLibrary">
<arg>${Skin}</arg>
<doc>Waits until the element ``locator`` is visible.</doc>
<status status="PASS" starttime="20240507 12:24:20.287" endtime="20240507 12:24:21.146"/>
</kw>
<kw name="Click Element" library="SeleniumLibrary">
<arg>${Skin}</arg>
<doc>Click the element identified by ``locator``.</doc>
<msg timestamp="20240507 12:24:21.147" level="INFO">Clicking element '//a[@title='Pleť, tělo &amp; parfémy']'.</msg>
<status status="PASS" starttime="20240507 12:24:21.146" endtime="20240507 12:24:22.045"/>
</kw>
<kw name="Wait Until Element Is Visible" library="SeleniumLibrary">
<arg>${MensWorld}</arg>
<doc>Waits until the element ``locator`` is visible.</doc>
<status status="PASS" starttime="20240507 12:24:22.046" endtime="20240507 12:24:22.901"/>
</kw>
<kw name="Click Element" library="SeleniumLibrary">
<arg>${MensWorld}</arg>
<doc>Click the element identified by ``locator``.</doc>
<msg timestamp="20240507 12:24:22.901" level="INFO">Clicking element '//a[@title="Men's World"]'.</msg>
<status status="PASS" starttime="20240507 12:24:22.901" endtime="20240507 12:24:23.831"/>
</kw>
<kw name="Wait Until Element Is Visible" library="SeleniumLibrary">
<arg>${Hair}</arg>
<doc>Waits until the element ``locator`` is visible.</doc>
<status status="PASS" starttime="20240507 12:24:23.831" endtime="20240507 12:24:24.688"/>
</kw>
<kw name="Click Element" library="SeleniumLibrary">
<arg>${Hair}</arg>
<doc>Click the element identified by ``locator``.</doc>
<msg timestamp="20240507 12:24:24.689" level="INFO">Clicking element '//a[@title='Vlasová kosmetika']'.</msg>
<status status="PASS" starttime="20240507 12:24:24.688" endtime="20240507 12:24:25.589"/>
</kw>
<kw name="Wait Until Element Is Visible" library="SeleniumLibrary">
<arg>${Health}</arg>
<doc>Waits until the element ``locator`` is visible.</doc>
<status status="PASS" starttime="20240507 12:24:25.589" endtime="20240507 12:24:26.554"/>
</kw>
<kw name="Click Element" library="SeleniumLibrary">
<arg>${Health}</arg>
<doc>Click the element identified by ``locator``.</doc>
<msg timestamp="20240507 12:24:26.555" level="INFO">Clicking element '//a[@title='Péče o zdraví']'.</msg>
<status status="PASS" starttime="20240507 12:24:26.554" endtime="20240507 12:24:27.479"/>
</kw>
<kw name="Wait Until Element Is Visible" library="SeleniumLibrary">
<arg>${Nutrition}</arg>
<doc>Waits until the element ``locator`` is visible.</doc>
<status status="PASS" starttime="20240507 12:24:27.479" endtime="20240507 12:24:28.328"/>
</kw>
<kw name="Click Element" library="SeleniumLibrary">
<arg>${Nutrition}</arg>
<doc>Click the element identified by ``locator``.</doc>
<msg timestamp="20240507 12:24:28.329" level="INFO">Clicking element '//a[@title='Výživa']'.</msg>
<status status="PASS" starttime="20240507 12:24:28.328" endtime="20240507 12:24:29.236"/>
</kw>
<kw name="Wait Until Element Is Visible" library="SeleniumLibrary">
<arg>${Kids}</arg>
<doc>Waits until the element ``locator`` is visible.</doc>
<status status="PASS" starttime="20240507 12:24:29.236" endtime="20240507 12:24:30.127"/>
</kw>
<kw name="Click Element" library="SeleniumLibrary">
<arg>${Kids}</arg>
<doc>Click the element identified by ``locator``.</doc>
<msg timestamp="20240507 12:24:30.128" level="INFO">Clicking element '//a[@title='Péče o dítě']'.</msg>
<status status="PASS" starttime="20240507 12:24:30.127" endtime="20240507 12:24:31.041"/>
</kw>
<kw name="Wait Until Element Is Visible" library="SeleniumLibrary">
<arg>${Home}</arg>
<doc>Waits until the element ``locator`` is visible.</doc>
<status status="PASS" starttime="20240507 12:24:31.042" endtime="20240507 12:24:31.900"/>
</kw>
<kw name="Click Element" library="SeleniumLibrary">
<arg>${Home}</arg>
<doc>Click the element identified by ``locator``.</doc>
<msg timestamp="20240507 12:24:31.901" level="INFO">Clicking element '//a[@title='Domácnost']'.</msg>
<status status="PASS" starttime="20240507 12:24:31.900" endtime="20240507 12:24:32.832"/>
</kw>
<kw name="Wait Until Element Is Visible" library="SeleniumLibrary">
<arg>${Animals}</arg>
<doc>Waits until the element ``locator`` is visible.</doc>
<status status="PASS" starttime="20240507 12:24:32.832" endtime="20240507 12:24:33.719"/>
</kw>
<kw name="Click Element" library="SeleniumLibrary">
<arg>${Animals}</arg>
<doc>Click the element identified by ``locator``.</doc>
<msg timestamp="20240507 12:24:33.719" level="INFO">Clicking element '//a[@title='Zvířata']'.</msg>
<status status="PASS" starttime="20240507 12:24:33.719" endtime="20240507 12:24:34.643"/>
</kw>
<kw name="Wait Until Element Is Visible" library="SeleniumLibrary">
<arg>${Photo}</arg>
<doc>Waits until the element ``locator`` is visible.</doc>
<status status="PASS" starttime="20240507 12:24:34.643" endtime="20240507 12:24:35.491"/>
</kw>
<kw name="Click Element" library="SeleniumLibrary">
<arg>${Photo}</arg>
<doc>Click the element identified by ``locator``.</doc>
<msg timestamp="20240507 12:24:35.492" level="INFO">Clicking element '//a[@title='Foto']'.</msg>
<status status="PASS" starttime="20240507 12:24:35.491" endtime="20240507 12:24:36.433"/>
</kw>
<status status="PASS" starttime="20240507 12:24:14.900" endtime="20240507 12:24:36.433"/>
</kw>
<status status="PASS" starttime="20240507 12:24:14.899" endtime="20240507 12:24:36.434"/>
</test>
<test id="s1-s1-s1-s2-s1-s1-t3" name="Post-conditions" line="24">
<kw name="Close Browser" library="SeleniumLibrary">
<doc>Closes the current browser.</doc>
<status status="PASS" starttime="20240507 12:24:36.436" endtime="20240507 12:24:38.931"/>
</kw>
<status status="PASS" starttime="20240507 12:24:36.435" endtime="20240507 12:24:38.932"/>
</test>
<status status="PASS" starttime="20240507 12:24:07.412" endtime="20240507 12:24:38.933"/>
</suite>
<suite id="s1-s1-s1-s2-s1-s2" name="KontrolaViditelnostiTlacitekNavigacnihoMenu" source="C:\Users\lukas_IT\Desktop\ZKOUSKA\Robot\TestSada_100-HlavniStranka\TestSada_FE_001_TestovaniFrontEnd\TestSada_FE_003_NavigacniMenu\TestSada_FE_004_TlacitkaNavigacnihoMenu\KontrolaViditelnostiTlacitekNavigacnihoMenu.robot">
<test id="s1-s1-s1-s2-s1-s2-t1" name="Pre-Conditions" line="11">
<kw name="Set Selenium Speed" library="SeleniumLibrary">
<arg>0.4</arg>
<doc>Sets the delay that is waited after each Selenium command.</doc>
<status status="PASS" starttime="20240507 12:24:38.944" endtime="20240507 12:24:38.944"/>
</kw>
<kw name="Open Browser" library="SeleniumLibrary">
<arg>${URL}</arg>
<arg>${ProhlizecChrome}</arg>
<doc>Opens a new browser instance to the optional ``url``.</doc>
<msg timestamp="20240507 12:24:38.945" level="INFO">Opening browser 'Chrome' to base url 'https://www.dm.cz/'.</msg>
<status status="PASS" starttime="20240507 12:24:38.945" endtime="20240507 12:24:41.872"/>
</kw>
<kw name="Maximize Browser Window" library="SeleniumLibrary">
<doc>Maximizes current browser window.</doc>
<status status="PASS" starttime="20240507 12:24:41.873" endtime="20240507 12:24:42.395"/>
</kw>
<kw name="Wait Until Location Is" library="SeleniumLibrary">
<arg>${URL}</arg>
<doc>Waits until the current URL is ``expected``.</doc>
<status status="PASS" starttime="20240507 12:24:42.396" endtime="20240507 12:24:42.808"/>
</kw>
<kw name="Wait Until Element Is Visible" library="SeleniumLibrary">
<arg>${CookieButton}</arg>
<arg>timeout=10s</arg>
<doc>Waits until the element ``locator`` is visible.</doc>
<status status="PASS" starttime="20240507 12:24:42.809" endtime="20240507 12:24:43.653"/>
</kw>
<kw name="Click Element" library="SeleniumLibrary">
<arg>${CookieButton}</arg>
<doc>Click the element identified by ``locator``.</doc>
<msg timestamp="20240507 12:24:43.655" level="INFO">Clicking element 'dom:document.querySelector("#usercentrics-root").shadowRoot.querySelector("div[data-nosnippet='1'] .sc-aXZVg.jTGmCV div div .sc-dLMFU.QpAxQ .sc-eDPEul.jgnOsR .sc-kdBSHD.hwjBDA .sc-tagGq.rKCAx .sc-dtBdUo.fzvttm .sc-dcJsrY.idAmLR")'.</msg>
<status status="PASS" starttime="20240507 12:24:43.654" endtime="20240507 12:24:44.562"/>
</kw>
<kw name="Wait Until Element Is Visible" library="SeleniumLibrary">
<arg>${ClosePopUp}</arg>
<doc>Waits until the element ``locator`` is visible.</doc>
<status status="PASS" starttime="20240507 12:24:44.563" endtime="20240507 12:24:45.480"/>
</kw>
<kw name="Click Element" library="SeleniumLibrary">
<arg>${ClosePopUp}</arg>
<doc>Click the element identified by ``locator``.</doc>
<msg timestamp="20240507 12:24:45.481" level="INFO">Clicking element '//button[@title='Zavřít']'.</msg>
<status status="PASS" starttime="20240507 12:24:45.481" endtime="20240507 12:24:46.404"/>
</kw>
<status status="PASS" starttime="20240507 12:24:38.943" endtime="20240507 12:24:46.405"/>
</test>
<test id="s1-s1-s1-s2-s1-s2-t2" name="TestCase_FE-102 – Kontrola viditelnosti tlačítek navigačního menu" line="21">
<kw name="KontrolaViditelnostiTlacitekNavigacnihoMenu">
<kw name="Wait Until Element Is Visible" library="SeleniumLibrary">
<arg>${New}</arg>
<doc>Waits until the element ``locator`` is visible.</doc>
<status status="PASS" starttime="20240507 12:24:46.407" endtime="20240507 12:24:47.256"/>
</kw>
<kw name="Element Should Be Visible" library="SeleniumLibrary">
<arg>${New}</arg>
<doc>Verifies that the element identified by ``locator`` is visible.</doc>
<msg timestamp="20240507 12:24:48.107" level="INFO">Element '//a[@title='Nové']' is displayed.</msg>
<status status="PASS" starttime="20240507 12:24:47.256" endtime="20240507 12:24:48.107"/>
</kw>
<kw name="Wait Until Element Is Visible" library="SeleniumLibrary">
<arg>${Brands}</arg>
<doc>Waits until the element ``locator`` is visible.</doc>
<status status="PASS" starttime="20240507 12:24:48.107" endtime="20240507 12:24:48.946"/>
</kw>
<kw name="Element Should Be Visible" library="SeleniumLibrary">
<arg>${Brands}</arg>
<doc>Verifies that the element identified by ``locator`` is visible.</doc>
<msg timestamp="20240507 12:24:49.778" level="INFO">Element '//a[@title='Značky']' is displayed.</msg>
<status status="PASS" starttime="20240507 12:24:48.946" endtime="20240507 12:24:49.778"/>
</kw>
<kw name="Wait Until Element Is Visible" library="SeleniumLibrary">
<arg>${MakeUp}</arg>
<doc>Waits until the element ``locator`` is visible.</doc>
<status status="PASS" starttime="20240507 12:24:49.778" endtime="20240507 12:24:50.612"/>
</kw>
<kw name="Element Should Be Visible" library="SeleniumLibrary">
<arg>${MakeUp}</arg>
<doc>Verifies that the element identified by ``locator`` is visible.</doc>
<msg timestamp="20240507 12:24:51.440" level="INFO">Element '//a[@title='Líčení']' is displayed.</msg>
<status status="PASS" starttime="20240507 12:24:50.612" endtime="20240507 12:24:51.440"/>
</kw>
<kw name="Wait Until Element Is Visible" library="SeleniumLibrary">
<arg>${Skin}</arg>
<doc>Waits until the element ``locator`` is visible.</doc>
<status status="PASS" starttime="20240507 12:24:51.440" endtime="20240507 12:24:52.286"/>
</kw>
<kw name="Element Should Be Visible" library="SeleniumLibrary">
<arg>${Skin}</arg>
<doc>Verifies that the element identified by ``locator`` is visible.</doc>
<msg timestamp="20240507 12:24:53.131" level="INFO">Element '//a[@title='Pleť, tělo &amp; parfémy']' is displayed.</msg>
<status status="PASS" starttime="20240507 12:24:52.286" endtime="20240507 12:24:53.131"/>
</kw>
<kw name="Wait Until Element Is Visible" library="SeleniumLibrary">
<arg>${MensWorld}</arg>
<doc>Waits until the element ``locator`` is visible.</doc>
<status status="PASS" starttime="20240507 12:24:53.131" endtime="20240507 12:24:53.982"/>
</kw>
<kw name="Element Should Be Visible" library="SeleniumLibrary">
<arg>${MensWorld}</arg>
<doc>Verifies that the element identified by ``locator`` is visible.</doc>
<msg timestamp="20240507 12:24:54.810" level="INFO">Element '//a[@title="Men's World"]' is displayed.</msg>
<status status="PASS" starttime="20240507 12:24:53.983" endtime="20240507 12:24:54.810"/>
</kw>
<kw name="Wait Until Element Is Visible" library="SeleniumLibrary">
<arg>${Hair}</arg>
<doc>Waits until the element ``locator`` is visible.</doc>
<status status="PASS" starttime="20240507 12:24:54.810" endtime="20240507 12:24:55.664"/>
</kw>
<kw name="Element Should Be Visible" library="SeleniumLibrary">
<arg>${Hair}</arg>
<doc>Verifies that the element identified by ``locator`` is visible.</doc>
<msg timestamp="20240507 12:24:56.517" level="INFO">Element '//a[@title='Vlasová kosmetika']' is displayed.</msg>
<status status="PASS" starttime="20240507 12:24:55.665" endtime="20240507 12:24:56.517"/>
</kw>
<kw name="Wait Until Element Is Visible" library="SeleniumLibrary">
<arg>${Health}</arg>
<doc>Waits until the element ``locator`` is visible.</doc>
<status status="PASS" starttime="20240507 12:24:56.517" endtime="20240507 12:24:57.372"/>
</kw>
<kw name="Element Should Be Visible" library="SeleniumLibrary">
<arg>${Health}</arg>
<doc>Verifies that the element identified by ``locator`` is visible.</doc>
<msg timestamp="20240507 12:24:58.221" level="INFO">Element '//a[@title='Péče o zdraví']' is displayed.</msg>
<status status="PASS" starttime="20240507 12:24:57.373" endtime="20240507 12:24:58.221"/>
</kw>
<kw name="Wait Until Element Is Visible" library="SeleniumLibrary">
<arg>${Nutrition}</arg>
<doc>Waits until the element ``locator`` is visible.</doc>
<status status="PASS" starttime="20240507 12:24:58.221" endtime="20240507 12:24:59.056"/>
</kw>
<kw name="Element Should Be Visible" library="SeleniumLibrary">
<arg>${Nutrition}</arg>
<doc>Verifies that the element identified by ``locator`` is visible.</doc>
<msg timestamp="20240507 12:24:59.894" level="INFO">Element '//a[@title='Výživa']' is displayed.</msg>
<status status="PASS" starttime="20240507 12:24:59.056" endtime="20240507 12:24:59.894"/>
</kw>
<kw name="Wait Until Element Is Visible" library="SeleniumLibrary">
<arg>${Kids}</arg>
<doc>Waits until the element ``locator`` is visible.</doc>
<status status="PASS" starttime="20240507 12:24:59.894" endtime="20240507 12:25:00.741"/>
</kw>
<kw name="Element Should Be Visible" library="SeleniumLibrary">
<arg>${Kids}</arg>
<doc>Verifies that the element identified by ``locator`` is visible.</doc>
<msg timestamp="20240507 12:25:01.577" level="INFO">Element '//a[@title='Péče o dítě']' is displayed.</msg>
<status status="PASS" starttime="20240507 12:25:00.741" endtime="20240507 12:25:01.577"/>
</kw>
<kw name="Wait Until Element Is Visible" library="SeleniumLibrary">
<arg>${Home}</arg>
<doc>Waits until the element ``locator`` is visible.</doc>
<status status="PASS" starttime="20240507 12:25:01.577" endtime="20240507 12:25:02.420"/>
</kw>
<kw name="Element Should Be Visible" library="SeleniumLibrary">
<arg>${Home}</arg>
<doc>Verifies that the element identified by ``locator`` is visible.</doc>
<msg timestamp="20240507 12:25:03.258" level="INFO">Element '//a[@title='Domácnost']' is displayed.</msg>
<status status="PASS" starttime="20240507 12:25:02.420" endtime="20240507 12:25:03.258"/>
</kw>
<kw name="Wait Until Element Is Visible" library="SeleniumLibrary">
<arg>${Animals}</arg>
<doc>Waits until the element ``locator`` is visible.</doc>
<status status="PASS" starttime="20240507 12:25:03.258" endtime="20240507 12:25:04.112"/>
</kw>
<kw name="Element Should Be Visible" library="SeleniumLibrary">
<arg>${Animals}</arg>
<doc>Verifies that the element identified by ``locator`` is visible.</doc>
<msg timestamp="20240507 12:25:04.941" level="INFO">Element '//a[@title='Zvířata']' is displayed.</msg>
<status status="PASS" starttime="20240507 12:25:04.112" endtime="20240507 12:25:04.941"/>
</kw>
<kw name="Wait Until Element Is Visible" library="SeleniumLibrary">
<arg>${Photo}</arg>
<doc>Waits until the element ``locator`` is visible.</doc>
<status status="PASS" starttime="20240507 12:25:04.941" endtime="20240507 12:25:05.784"/>
</kw>
<kw name="Element Should Be Visible" library="SeleniumLibrary">
<arg>${Photo}</arg>
<doc>Verifies that the element identified by ``locator`` is visible.</doc>
<msg timestamp="20240507 12:25:06.638" level="INFO">Element '//a[@title='Foto']' is displayed.</msg>
<status status="PASS" starttime="20240507 12:25:05.784" endtime="20240507 12:25:06.638"/>
</kw>
<status status="PASS" starttime="20240507 12:24:46.407" endtime="20240507 12:25:06.638"/>
</kw>
<status status="PASS" starttime="20240507 12:24:46.406" endtime="20240507 12:25:06.639"/>
</test>
<test id="s1-s1-s1-s2-s1-s2-t3" name="Post-conditions" line="24">
<kw name="Close Browser" library="SeleniumLibrary">
<doc>Closes the current browser.</doc>
<status status="PASS" starttime="20240507 12:25:06.641" endtime="20240507 12:25:09.144"/>
</kw>
<status status="PASS" starttime="20240507 12:25:06.641" endtime="20240507 12:25:09.145"/>
</test>
<status status="PASS" starttime="20240507 12:24:38.936" endtime="20240507 12:25:09.147"/>
</suite>
<status status="PASS" starttime="20240507 12:24:07.409" endtime="20240507 12:25:09.151"/>
</suite>
<suite id="s1-s1-s1-s2-s2" name="TestSada FE 005 VyhledavaciPole" source="C:\Users\lukas_IT\Desktop\ZKOUSKA\Robot\TestSada_100-HlavniStranka\TestSada_FE_001_TestovaniFrontEnd\TestSada_FE_003_NavigacniMenu\TestSada_FE_005_VyhledavaciPole">
<suite id="s1-s1-s1-s2-s2-s1" name="KontrolaFunkcnostiVyhledavacihoPole" source="C:\Users\lukas_IT\Desktop\ZKOUSKA\Robot\TestSada_100-HlavniStranka\TestSada_FE_001_TestovaniFrontEnd\TestSada_FE_003_NavigacniMenu\TestSada_FE_005_VyhledavaciPole\KontrolaFunkcnostiVyhledavacihoPole.robot">
<test id="s1-s1-s1-s2-s2-s1-t1" name="Pre-Conditions" line="11">
<kw name="Set Selenium Speed" library="SeleniumLibrary">
<arg>0.4</arg>
<doc>Sets the delay that is waited after each Selenium command.</doc>
<status status="PASS" starttime="20240507 12:25:09.164" endtime="20240507 12:25:09.164"/>
</kw>
<kw name="Open Browser" library="SeleniumLibrary">
<arg>${URL}</arg>
<arg>${ProhlizecChrome}</arg>
<doc>Opens a new browser instance to the optional ``url``.</doc>
<msg timestamp="20240507 12:25:09.165" level="INFO">Opening browser 'Chrome' to base url 'https://www.dm.cz/'.</msg>
<status status="PASS" starttime="20240507 12:25:09.165" endtime="20240507 12:25:12.132"/>
</kw>
<kw name="Maximize Browser Window" library="SeleniumLibrary">
<doc>Maximizes current browser window.</doc>
<status status="PASS" starttime="20240507 12:25:12.133" endtime="20240507 12:25:12.638"/>
</kw>
<kw name="Wait Until Location Is" library="SeleniumLibrary">
<arg>${URL}</arg>
<doc>Waits until the current URL is ``expected``.</doc>
<status status="PASS" starttime="20240507 12:25:12.639" endtime="20240507 12:25:13.054"/>
</kw>
<kw name="Wait Until Element Is Visible" library="SeleniumLibrary">
<arg>${CookieButton}</arg>
<arg>timeout=10s</arg>
<doc>Waits until the element ``locator`` is visible.</doc>
<status status="PASS" starttime="20240507 12:25:13.055" endtime="20240507 12:25:13.897"/>
</kw>
<kw name="Click Element" library="SeleniumLibrary">
<arg>${CookieButton}</arg>
<doc>Click the element identified by ``locator``.</doc>
<msg timestamp="20240507 12:25:13.899" level="INFO">Clicking element 'dom:document.querySelector("#usercentrics-root").shadowRoot.querySelector("div[data-nosnippet='1'] .sc-aXZVg.jTGmCV div div .sc-dLMFU.QpAxQ .sc-eDPEul.jgnOsR .sc-kdBSHD.hwjBDA .sc-tagGq.rKCAx .sc-dtBdUo.fzvttm .sc-dcJsrY.idAmLR")'.</msg>
<status status="PASS" starttime="20240507 12:25:13.898" endtime="20240507 12:25:14.790"/>
</kw>
<kw name="Wait Until Element Is Visible" library="SeleniumLibrary">
<arg>${ClosePopUp}</arg>
<doc>Waits until the element ``locator`` is visible.</doc>
<status status="PASS" starttime="20240507 12:25:14.791" endtime="20240507 12:25:15.658"/>
</kw>
<kw name="Click Element" library="SeleniumLibrary">
<arg>${ClosePopUp}</arg>
<doc>Click the element identified by ``locator``.</doc>
<msg timestamp="20240507 12:25:15.659" level="INFO">Clicking element '//button[@title='Zavřít']'.</msg>
<status status="PASS" starttime="20240507 12:25:15.659" endtime="20240507 12:25:16.559"/>
</kw>
<status status="PASS" starttime="20240507 12:25:09.163" endtime="20240507 12:25:16.560"/>
</test>
<test id="s1-s1-s1-s2-s2-s1-t2" name="TestCase_FE-105 – Kontrola funkčnosti vyhledávacího pole" line="21">
<kw name="KontrolaFunkcnostiVyhledavacihoPole">
<arg>sprochový gel</arg>
<kw name="Wait Until Element Is Visible" library="SeleniumLibrary">
<arg>${SearchField}</arg>
<doc>Waits until the element ``locator`` is visible.</doc>
<status status="PASS" starttime="20240507 12:25:16.562" endtime="20240507 12:25:17.403"/>
</kw>
<kw name="Element Should Be Visible" library="SeleniumLibrary">
<arg>${SearchField}</arg>
<doc>Verifies that the element identified by ``locator`` is visible.</doc>
<msg timestamp="20240507 12:25:18.246" level="INFO">Element '//input[@id='input-search-composing-search-input-field']' is displayed.</msg>
<status status="PASS" starttime="20240507 12:25:17.404" endtime="20240507 12:25:18.246"/>
</kw>
<kw name="Input Text" library="SeleniumLibrary">
<arg>${SearchField}</arg>
<arg>${item}</arg>
<doc>Types the given ``text`` into the text field identified by ``locator``.</doc>
<msg timestamp="20240507 12:25:18.247" level="INFO">Typing text 'sprochový gel' into text field '//input[@id='input-search-composing-search-input-field']'.</msg>
<status status="PASS" starttime="20240507 12:25:18.246" endtime="20240507 12:25:19.652"/>
</kw>
<kw name="Click Element" library="SeleniumLibrary">
<arg>${SearchButton}</arg>
<doc>Click the element identified by ``locator``.</doc>
<msg timestamp="20240507 12:25:19.653" level="INFO">Clicking element '//button[@title='Zadejte vyhledávání']'.</msg>
<status status="PASS" starttime="20240507 12:25:19.652" endtime="20240507 12:25:20.569"/>
</kw>
<status status="PASS" starttime="20240507 12:25:16.562" endtime="20240507 12:25:20.570"/>
</kw>
<status status="PASS" starttime="20240507 12:25:16.561" endtime="20240507 12:25:20.572"/>
</test>
<test id="s1-s1-s1-s2-s2-s1-t3" name="Post-conditions" line="24">
<kw name="Close Browser" library="SeleniumLibrary">
<doc>Closes the current browser.</doc>
<status status="PASS" starttime="20240507 12:25:20.575" endtime="20240507 12:25:23.113"/>
</kw>
<status status="PASS" starttime="20240507 12:25:20.574" endtime="20240507 12:25:23.114"/>
</test>
<status status="PASS" starttime="20240507 12:25:09.156" endtime="20240507 12:25:23.116"/>
</suite>
<suite id="s1-s1-s1-s2-s2-s2" name="KontrolaViditelnostiVyhledavacihoPole" source="C:\Users\lukas_IT\Desktop\ZKOUSKA\Robot\TestSada_100-HlavniStranka\TestSada_FE_001_TestovaniFrontEnd\TestSada_FE_003_NavigacniMenu\TestSada_FE_005_VyhledavaciPole\KontrolaViditelnostiVyhledavacihoPole.robot">
<test id="s1-s1-s1-s2-s2-s2-t1" name="Pre-Conditions" line="11">
<kw name="Set Selenium Speed" library="SeleniumLibrary">
<arg>0.4</arg>
<doc>Sets the delay that is waited after each Selenium command.</doc>
<status status="PASS" starttime="20240507 12:25:23.126" endtime="20240507 12:25:23.126"/>
</kw>
<kw name="Open Browser" library="SeleniumLibrary">
<arg>${URL}</arg>
<arg>${ProhlizecChrome}</arg>
<doc>Opens a new browser instance to the optional ``url``.</doc>
<msg timestamp="20240507 12:25:23.127" level="INFO">Opening browser 'Chrome' to base url 'https://www.dm.cz/'.</msg>
<status status="PASS" starttime="20240507 12:25:23.127" endtime="20240507 12:25:26.167"/>
</kw>
<kw name="Maximize Browser Window" library="SeleniumLibrary">
<doc>Maximizes current browser window.</doc>
<status status="PASS" starttime="20240507 12:25:26.168" endtime="20240507 12:25:26.669"/>
</kw>
<kw name="Wait Until Location Is" library="SeleniumLibrary">
<arg>${URL}</arg>
<doc>Waits until the current URL is ``expected``.</doc>
<status status="PASS" starttime="20240507 12:25:26.670" endtime="20240507 12:25:27.095"/>
</kw>
<kw name="Wait Until Element Is Visible" library="SeleniumLibrary">
<arg>${CookieButton}</arg>
<arg>timeout=10s</arg>
<doc>Waits until the element ``locator`` is visible.</doc>
<status status="PASS" starttime="20240507 12:25:27.096" endtime="20240507 12:25:27.929"/>
</kw>
<kw name="Click Element" library="SeleniumLibrary">
<arg>${CookieButton}</arg>
<doc>Click the element identified by ``locator``.</doc>
<msg timestamp="20240507 12:25:27.930" level="INFO">Clicking element 'dom:document.querySelector("#usercentrics-root").shadowRoot.querySelector("div[data-nosnippet='1'] .sc-aXZVg.jTGmCV div div .sc-dLMFU.QpAxQ .sc-eDPEul.jgnOsR .sc-kdBSHD.hwjBDA .sc-tagGq.rKCAx .sc-dtBdUo.fzvttm .sc-dcJsrY.idAmLR")'.</msg>
<status status="PASS" starttime="20240507 12:25:27.929" endtime="20240507 12:25:28.821"/>
</kw>
<kw name="Wait Until Element Is Visible" library="SeleniumLibrary">
<arg>${ClosePopUp}</arg>
<doc>Waits until the element ``locator`` is visible.</doc>
<status status="PASS" starttime="20240507 12:25:28.822" endtime="20240507 12:25:29.677"/>
</kw>
<kw name="Click Element" library="SeleniumLibrary">
<arg>${ClosePopUp}</arg>
<doc>Click the element identified by ``locator``.</doc>
<msg timestamp="20240507 12:25:29.679" level="INFO">Clicking element '//button[@title='Zavřít']'.</msg>
<status status="PASS" starttime="20240507 12:25:29.678" endtime="20240507 12:25:30.604"/>
</kw>
<status status="PASS" starttime="20240507 12:25:23.125" endtime="20240507 12:25:30.605"/>
</test>
<test id="s1-s1-s1-s2-s2-s2-t2" name="TestCase_FE-104 – Kontrola viditelnosti vyhledávacího pole" line="21">
<kw name="KontrolaViditelnostiVyhledavacihoPole">
<kw name="Wait Until Element Is Visible" library="SeleniumLibrary">
<arg>${SearchField}</arg>
<doc>Waits until the element ``locator`` is visible.</doc>
<status status="PASS" starttime="20240507 12:25:30.608" endtime="20240507 12:25:31.446"/>
</kw>
<kw name="Element Should Be Visible" library="SeleniumLibrary">
<arg>${SearchField}</arg>
<doc>Verifies that the element identified by ``locator`` is visible.</doc>
<msg timestamp="20240507 12:25:32.285" level="INFO">Element '//input[@id='input-search-composing-search-input-field']' is displayed.</msg>
<status status="PASS" starttime="20240507 12:25:31.446" endtime="20240507 12:25:32.285"/>
</kw>
<status status="PASS" starttime="20240507 12:25:30.608" endtime="20240507 12:25:32.285"/>
</kw>
<status status="PASS" starttime="20240507 12:25:30.607" endtime="20240507 12:25:32.285"/>
</test>
<test id="s1-s1-s1-s2-s2-s2-t3" name="Post-conditions" line="24">
<kw name="Close Browser" library="SeleniumLibrary">
<doc>Closes the current browser.</doc>
<status status="PASS" starttime="20240507 12:25:32.288" endtime="20240507 12:25:34.795"/>
</kw>
<status status="PASS" starttime="20240507 12:25:32.287" endtime="20240507 12:25:34.796"/>
</test>
<status status="PASS" starttime="20240507 12:25:23.119" endtime="20240507 12:25:34.798"/>
</suite>
<status status="PASS" starttime="20240507 12:25:09.153" endtime="20240507 12:25:34.801"/>
</suite>
<status status="PASS" starttime="20240507 12:24:07.407" endtime="20240507 12:25:34.803"/>
</suite>
<suite id="s1-s1-s1-s3" name="TestSada FE 006 UzivatelskePrihlaseni" source="C:\Users\lukas_IT\Desktop\ZKOUSKA\Robot\TestSada_100-HlavniStranka\TestSada_FE_001_TestovaniFrontEnd\TestSada_FE_006_UzivatelskePrihlaseni">
<suite id="s1-s1-s1-s3-s1" name="TestSada FE 007 Registrace" source="C:\Users\lukas_IT\Desktop\ZKOUSKA\Robot\TestSada_100-HlavniStranka\TestSada_FE_001_TestovaniFrontEnd\TestSada_FE_006_UzivatelskePrihlaseni\TestSada_FE_007_Registrace">
<suite id="s1-s1-s1-s3-s1-s1" name="TestSada FE 008 RegistracniFormular" source="C:\Users\lukas_IT\Desktop\ZKOUSKA\Robot\TestSada_100-HlavniStranka\TestSada_FE_001_TestovaniFrontEnd\TestSada_FE_006_UzivatelskePrihlaseni\TestSada_FE_007_Registrace\TestSada_FE_008_RegistracniFormular">
<suite id="s1-s1-s1-s3-s1-s1-s1" name="KontrolaRegistrace" source="C:\Users\lukas_IT\Desktop\ZKOUSKA\Robot\TestSada_100-HlavniStranka\TestSada_FE_001_TestovaniFrontEnd\TestSada_FE_006_UzivatelskePrihlaseni\TestSada_FE_007_Registrace\TestSada_FE_008_RegistracniFormular\KontrolaRegistrace.robot">
<test id="s1-s1-s1-s3-s1-s1-s1-t1" name="Pre-Conditions" line="11">
<kw name="Set Selenium Speed" library="SeleniumLibrary">
<arg>0.4</arg>
<doc>Sets the delay that is waited after each Selenium command.</doc>
<status status="PASS" starttime="20240507 12:25:34.827" endtime="20240507 12:25:34.828"/>
</kw>
<kw name="Open Browser" library="SeleniumLibrary">
<arg>${URL}</arg>
<arg>${ProhlizecChrome}</arg>
<doc>Opens a new browser instance to the optional ``url``.</doc>
<msg timestamp="20240507 12:25:34.829" level="INFO">Opening browser 'Chrome' to base url 'https://www.dm.cz/'.</msg>
<status status="PASS" starttime="20240507 12:25:34.828" endtime="20240507 12:25:38.160"/>
</kw>
<kw name="Maximize Browser Window" library="SeleniumLibrary">
<doc>Maximizes current browser window.</doc>
<status status="PASS" starttime="20240507 12:25:38.161" endtime="20240507 12:25:38.654"/>
</kw>
<kw name="Wait Until Location Is" library="SeleniumLibrary">
<arg>${URL}</arg>
<doc>Waits until the current URL is ``expected``.</doc>
<status status="PASS" starttime="20240507 12:25:38.654" endtime="20240507 12:25:39.085"/>
</kw>
<kw name="Wait Until Element Is Visible" library="SeleniumLibrary">
<arg>${CookieButton}</arg>
<arg>timeout=10s</arg>
<doc>Waits until the element ``locator`` is visible.</doc>
<status status="PASS" starttime="20240507 12:25:39.086" endtime="20240507 12:25:39.938"/>
</kw>
<kw name="Click Element" library="SeleniumLibrary">
<arg>${CookieButton}</arg>
<doc>Click the element identified by ``locator``.</doc>
<msg timestamp="20240507 12:25:39.939" level="INFO">Clicking element 'dom:document.querySelector("#usercentrics-root").shadowRoot.querySelector("div[data-nosnippet='1'] .sc-aXZVg.jTGmCV div div .sc-dLMFU.QpAxQ .sc-eDPEul.jgnOsR .sc-kdBSHD.hwjBDA .sc-tagGq.rKCAx .sc-dtBdUo.fzvttm .sc-dcJsrY.idAmLR")'.</msg>
<status status="PASS" starttime="20240507 12:25:39.939" endtime="20240507 12:25:40.825"/>
</kw>
<kw name="Wait Until Element Is Visible" library="SeleniumLibrary">
<arg>${ClosePopUp}</arg>
<doc>Waits until the element ``locator`` is visible.</doc>
<status status="PASS" starttime="20240507 12:25:40.826" endtime="20240507 12:25:41.707"/>
</kw>
<kw name="Click Element" library="SeleniumLibrary">
<arg>${ClosePopUp}</arg>
<doc>Click the element identified by ``locator``.</doc>
<msg timestamp="20240507 12:25:41.708" level="INFO">Clicking element '//button[@title='Zavřít']'.</msg>
<status status="PASS" starttime="20240507 12:25:41.708" endtime="20240507 12:25:42.619"/>
</kw>
<status status="PASS" starttime="20240507 12:25:34.827" endtime="20240507 12:25:42.620"/>
</test>
<test id="s1-s1-s1-s3-s1-s1-s1-t2" name="TestCase_FE-109 – Kontrola Registrace" line="21">
<kw name="KontrolaRegistrace">
<arg>Pepa</arg>
<arg>Zdepa</arg>
<arg>15</arg>
<arg>5</arg>
<arg>1990</arg>
<arg>pepa.zdepa@email.com</arg>
<arg>ToJeSranda123!</arg>
<kw name="Wait Until Element Is Visible" library="SeleniumLibrary">
<arg>${MyAccount}</arg>
<doc>Waits until the element ``locator`` is visible.</doc>
<status status="PASS" starttime="20240507 12:25:42.622" endtime="20240507 12:25:43.469"/>
</kw>
<kw name="Click Element" library="SeleniumLibrary">
<arg>${MyAccount}</arg>
<doc>Click the element identified by ``locator``.</doc>
<msg timestamp="20240507 12:25:43.470" level="INFO">Clicking element '//button[@aria-label='Moje dm zákaznické konto']'.</msg>
<status status="PASS" starttime="20240507 12:25:43.469" endtime="20240507 12:25:44.351"/>
</kw>
<kw name="Wait Until Element Is Visible" library="SeleniumLibrary">
<arg>${RegisterButton}</arg>
<doc>Waits until the element ``locator`` is visible.</doc>
<status status="PASS" starttime="20240507 12:25:44.351" endtime="20240507 12:25:45.201"/>
</kw>
<kw name="Click Element" library="SeleniumLibrary">
<arg>${RegisterButton}</arg>
<doc>Click the element identified by ``locator``.</doc>
<msg timestamp="20240507 12:25:45.202" level="INFO">Clicking element '//a[@id='registration-button']'.</msg>
<status status="PASS" starttime="20240507 12:25:45.201" endtime="20240507 12:25:46.237"/>
</kw>
<kw name="Wait Until Element Is Visible" library="SeleniumLibrary">
<arg>${RegistrationForm}</arg>
<doc>Waits until the element ``locator`` is visible.</doc>
<status status="PASS" starttime="20240507 12:25:46.237" endtime="20240507 12:25:47.096"/>
</kw>
<kw name="Element Should Be Visible" library="SeleniumLibrary">
<arg>${RegistrationForm}</arg>
<doc>Verifies that the element identified by ``locator`` is visible.</doc>
<msg timestamp="20240507 12:25:47.947" level="INFO">Element '//form[@id='registration-form']' is displayed.</msg>
<status status="PASS" starttime="20240507 12:25:47.096" endtime="20240507 12:25:47.947"/>
</kw>
<kw name="Click Element" library="SeleniumLibrary">
<arg>${Salutation}</arg>
<doc>Click the element identified by ``locator``.</doc>
<msg timestamp="20240507 12:25:47.948" level="INFO">Clicking element '//input[@id='salutation-radio-button-field-FRAU-radio']'.</msg>
<status status="PASS" starttime="20240507 12:25:47.947" endtime="20240507 12:25:48.866"/>
</kw>
<kw name="Input Text" library="SeleniumLibrary">
<arg>${FirstNameField}</arg>
<arg>${firstName}</arg>
<doc>Types the given ``text`` into the text field identified by ``locator``.</doc>
<msg timestamp="20240507 12:25:48.867" level="INFO">Typing text 'Pepa' into text field '//input[@id='firstName-input']'.</msg>
<status status="PASS" starttime="20240507 12:25:48.866" endtime="20240507 12:25:50.238"/>
</kw>
<kw name="Input Text" library="SeleniumLibrary">
<arg>${LastNameField}</arg>
<arg>${lastName}</arg>
<doc>Types the given ``text`` into the text field identified by ``locator``.</doc>
<msg timestamp="20240507 12:25:50.239" level="INFO">Typing text 'Zdepa' into text field '//input[@id='lastName-input']'.</msg>
<status status="PASS" starttime="20240507 12:25:50.239" endtime="20240507 12:25:51.601"/>
</kw>
<kw name="Input Text" library="SeleniumLibrary">
<arg>${DayField}</arg>
<arg>${day}</arg>
<doc>Types the given ``text`` into the text field identified by ``locator``.</doc>
<msg timestamp="20240507 12:25:51.602" level="INFO">Typing text '15' into text field '//input[@id='birthDate-date-input-day']'.</msg>
<status status="PASS" starttime="20240507 12:25:51.601" endtime="20240507 12:25:52.945"/>
</kw>
<kw name="Input Text" library="SeleniumLibrary">
<arg>${MonthField}</arg>
<arg>${month}</arg>
<doc>Types the given ``text`` into the text field identified by ``locator``.</doc>
<msg timestamp="20240507 12:25:52.946" level="INFO">Typing text '5' into text field '//input[@id='birthDate-date-input-month']'.</msg>
<status status="PASS" starttime="20240507 12:25:52.945" endtime="20240507 12:25:54.275"/>
</kw>
<kw name="Input Text" library="SeleniumLibrary">
<arg>${YearField}</arg>
<arg>${year}</arg>
<doc>Types the given ``text`` into the text field identified by ``locator``.</doc>
<msg timestamp="20240507 12:25:54.276" level="INFO">Typing text '1990' into text field '//input[@id='birthDate-date-input-year']'.</msg>
<status status="PASS" starttime="20240507 12:25:54.275" endtime="20240507 12:25:55.620"/>
</kw>
<kw name="Input Text" library="SeleniumLibrary">
<arg>${EmailAdressField}</arg>
<arg>${email}</arg>
<doc>Types the given ``text`` into the text field identified by ``locator``.</doc>
<msg timestamp="20240507 12:25:55.621" level="INFO">Typing text 'pepa.zdepa@email.com' into text field '//input[@id='emailAddress-input']'.</msg>
<status status="PASS" starttime="20240507 12:25:55.620" endtime="20240507 12:25:57.054"/>
</kw>
<kw name="Input Text" library="SeleniumLibrary">
<arg>${PasswordField}</arg>
<arg>${password}</arg>
<doc>Types the given ``text`` into the text field identified by ``locator``.</doc>
<msg timestamp="20240507 12:25:57.056" level="INFO">Typing text 'ToJeSranda123!' into text field '//input[@id='password']'.</msg>
<status status="PASS" starttime="20240507 12:25:57.054" endtime="20240507 12:25:58.509"/>
</kw>
<kw name="Click Element" library="SeleniumLibrary">
<arg>${SubmitButton}</arg>
<doc>Click the element identified by ``locator``.</doc>
<msg timestamp="20240507 12:25:58.510" level="INFO">Clicking element '//button[@id='submitButton']'.</msg>
<status status="PASS" starttime="20240507 12:25:58.509" endtime="20240507 12:25:59.381"/>
</kw>
<status status="PASS" starttime="20240507 12:25:42.622" endtime="20240507 12:25:59.381"/>
</kw>
<status status="PASS" starttime="20240507 12:25:42.621" endtime="20240507 12:25:59.382"/>
</test>
<test id="s1-s1-s1-s3-s1-s1-s1-t3" name="Post-conditions" line="24">
<kw name="Close Browser" library="SeleniumLibrary">
<doc>Closes the current browser.</doc>
<status status="PASS" starttime="20240507 12:25:59.384" endtime="20240507 12:26:01.892"/>
</kw>
<status status="PASS" starttime="20240507 12:25:59.384" endtime="20240507 12:26:01.893"/>
</test>
<status status="PASS" starttime="20240507 12:25:34.816" endtime="20240507 12:26:01.895"/>
</suite>
<suite id="s1-s1-s1-s3-s1-s1-s2" name="KontrolaValidacePoliFormulare" source="C:\Users\lukas_IT\Desktop\ZKOUSKA\Robot\TestSada_100-HlavniStranka\TestSada_FE_001_TestovaniFrontEnd\TestSada_FE_006_UzivatelskePrihlaseni\TestSada_FE_007_Registrace\TestSada_FE_008_RegistracniFormular\KontrolaValidacePoliFormulare.robot">
<test id="s1-s1-s1-s3-s1-s1-s2-t1" name="Pre-Conditions" line="11">
<kw name="Set Selenium Speed" library="SeleniumLibrary">
<arg>0.4</arg>
<doc>Sets the delay that is waited after each Selenium command.</doc>
<status status="PASS" starttime="20240507 12:26:01.906" endtime="20240507 12:26:01.906"/>
</kw>
<kw name="Open Browser" library="SeleniumLibrary">
<arg>${URL}</arg>
<arg>${ProhlizecChrome}</arg>
<doc>Opens a new browser instance to the optional ``url``.</doc>
<msg timestamp="20240507 12:26:01.907" level="INFO">Opening browser 'Chrome' to base url 'https://www.dm.cz/'.</msg>
<status status="PASS" starttime="20240507 12:26:01.907" endtime="20240507 12:26:05.082"/>
</kw>
<kw name="Maximize Browser Window" library="SeleniumLibrary">
<doc>Maximizes current browser window.</doc>
<status status="PASS" starttime="20240507 12:26:05.083" endtime="20240507 12:26:05.523"/>
</kw>
<kw name="Wait Until Location Is" library="SeleniumLibrary">
<arg>${URL}</arg>
<doc>Waits until the current URL is ``expected``.</doc>
<status status="PASS" starttime="20240507 12:26:05.524" endtime="20240507 12:26:05.981"/>
</kw>
<kw name="Wait Until Element Is Visible" library="SeleniumLibrary">
<arg>${CookieButton}</arg>
<arg>timeout=10s</arg>
<doc>Waits until the element ``locator`` is visible.</doc>
<status status="PASS" starttime="20240507 12:26:05.981" endtime="20240507 12:26:06.818"/>
</kw>
<kw name="Click Element" library="SeleniumLibrary">
<arg>${CookieButton}</arg>
<doc>Click the element identified by ``locator``.</doc>
<msg timestamp="20240507 12:26:06.820" level="INFO">Clicking element 'dom:document.querySelector("#usercentrics-root").shadowRoot.querySelector("div[data-nosnippet='1'] .sc-aXZVg.jTGmCV div div .sc-dLMFU.QpAxQ .sc-eDPEul.jgnOsR .sc-kdBSHD.hwjBDA .sc-tagGq.rKCAx .sc-dtBdUo.fzvttm .sc-dcJsrY.idAmLR")'.</msg>
<status status="PASS" starttime="20240507 12:26:06.819" endtime="20240507 12:26:07.702"/>
</kw>
<kw name="Wait Until Element Is Visible" library="SeleniumLibrary">
<arg>${ClosePopUp}</arg>
<doc>Waits until the element ``locator`` is visible.</doc>
<status status="PASS" starttime="20240507 12:26:07.703" endtime="20240507 12:26:08.664"/>
</kw>
<kw name="Click Element" library="SeleniumLibrary">
<arg>${ClosePopUp}</arg>
<doc>Click the element identified by ``locator``.</doc>
<msg timestamp="20240507 12:26:08.666" level="INFO">Clicking element '//button[@title='Zavřít']'.</msg>
<status status="PASS" starttime="20240507 12:26:08.665" endtime="20240507 12:26:09.594"/>
</kw>
<status status="PASS" starttime="20240507 12:26:01.906" endtime="20240507 12:26:09.595"/>
</test>
<test id="s1-s1-s1-s3-s1-s1-s2-t2" name="TestCase_FE-108 – Kontrola validace polí formuláře" line="21">
<kw name="KontrolaValidacePoliFormulare">
<arg>?</arg>
<arg>?</arg>
<arg>-2</arg>
<arg>-22</arg>
<arg>2300</arg>
<arg>?</arg>
<arg>?</arg>
<kw name="Wait Until Element Is Visible" library="SeleniumLibrary">
<arg>${MyAccount}</arg>
<doc>Waits until the element ``locator`` is visible.</doc>
<status status="PASS" starttime="20240507 12:26:09.598" endtime="20240507 12:26:10.442"/>
</kw>
<kw name="Click Element" library="SeleniumLibrary">
<arg>${MyAccount}</arg>
<doc>Click the element identified by ``locator``.</doc>
<msg timestamp="20240507 12:26:10.443" level="INFO">Clicking element '//button[@aria-label='Moje dm zákaznické konto']'.</msg>
<status status="PASS" starttime="20240507 12:26:10.442" endtime="20240507 12:26:11.318"/>
</kw>
<kw name="Wait Until Element Is Visible" library="SeleniumLibrary">
<arg>${RegisterButton}</arg>
<doc>Waits until the element ``locator`` is visible.</doc>
<status status="PASS" starttime="20240507 12:26:11.318" endtime="20240507 12:26:12.158"/>
</kw>
<kw name="Click Element" library="SeleniumLibrary">
<arg>${RegisterButton}</arg>
<doc>Click the element identified by ``locator``.</doc>
<msg timestamp="20240507 12:26:12.160" level="INFO">Clicking element '//a[@id='registration-button']'.</msg>
<status status="PASS" starttime="20240507 12:26:12.159" endtime="20240507 12:26:14.422"/>
</kw>
<kw name="Wait Until Element Is Visible" library="SeleniumLibrary">
<arg>${RegistrationForm}</arg>
<doc>Waits until the element ``locator`` is visible.</doc>
<status status="PASS" starttime="20240507 12:26:14.422" endtime="20240507 12:26:15.277"/>
</kw>
<kw name="Element Should Be Visible" library="SeleniumLibrary">
<arg>${RegistrationForm}</arg>
<doc>Verifies that the element identified by ``locator`` is visible.</doc>
<msg timestamp="20240507 12:26:16.127" level="INFO">Element '//form[@id='registration-form']' is displayed.</msg>
<status status="PASS" starttime="20240507 12:26:15.277" endtime="20240507 12:26:16.127"/>
</kw>
<kw name="Input Text" library="SeleniumLibrary">
<arg>${FirstNameField}</arg>
<arg>${firstName}</arg>
<doc>Types the given ``text`` into the text field identified by ``locator``.</doc>
<msg timestamp="20240507 12:26:16.127" level="INFO">Typing text '?' into text field '//input[@id='firstName-input']'.</msg>
<status status="PASS" starttime="20240507 12:26:16.127" endtime="20240507 12:26:17.477"/>
</kw>
<kw name="Input Text" library="SeleniumLibrary">
<arg>${LastNameField}</arg>
<arg>${lastName}</arg>
<doc>Types the given ``text`` into the text field identified by ``locator``.</doc>
<msg timestamp="20240507 12:26:17.478" level="INFO">Typing text '?' into text field '//input[@id='lastName-input']'.</msg>
<status status="PASS" starttime="20240507 12:26:17.477" endtime="20240507 12:26:18.824"/>
</kw>
<kw name="Input Text" library="SeleniumLibrary">
<arg>${DayField}</arg>
<arg>${day}</arg>
<doc>Types the given ``text`` into the text field identified by ``locator``.</doc>
<msg timestamp="20240507 12:26:18.825" level="INFO">Typing text '-2' into text field '//input[@id='birthDate-date-input-day']'.</msg>
<status status="PASS" starttime="20240507 12:26:18.824" endtime="20240507 12:26:20.166"/>
</kw>
<kw name="Input Text" library="SeleniumLibrary">
<arg>${MonthField}</arg>
<arg>${month}</arg>
<doc>Types the given ``text`` into the text field identified by ``locator``.</doc>
<msg timestamp="20240507 12:26:20.167" level="INFO">Typing text '-22' into text field '//input[@id='birthDate-date-input-month']'.</msg>
<status status="PASS" starttime="20240507 12:26:20.166" endtime="20240507 12:26:21.491"/>
</kw>
<kw name="Input Text" library="SeleniumLibrary">
<arg>${YearField}</arg>
<arg>${year}</arg>
<doc>Types the given ``text`` into the text field identified by ``locator``.</doc>
<msg timestamp="20240507 12:26:21.491" level="INFO">Typing text '2300' into text field '//input[@id='birthDate-date-input-year']'.</msg>
<status status="PASS" starttime="20240507 12:26:21.491" endtime="20240507 12:26:22.835"/>
</kw>
<kw name="Input Text" library="SeleniumLibrary">
<arg>${EmailAdressField}</arg>
<arg>${email}</arg>
<doc>Types the given ``text`` into the text field identified by ``locator``.</doc>
<msg timestamp="20240507 12:26:22.836" level="INFO">Typing text '?' into text field '//input[@id='emailAddress-input']'.</msg>
<status status="PASS" starttime="20240507 12:26:22.835" endtime="20240507 12:26:24.175"/>
</kw>
<kw name="Input Text" library="SeleniumLibrary">
<arg>${PasswordField}</arg>
<arg>${password}</arg>
<doc>Types the given ``text`` into the text field identified by ``locator``.</doc>
<msg timestamp="20240507 12:26:24.176" level="INFO">Typing text '?' into text field '//input[@id='password']'.</msg>
<status status="PASS" starttime="20240507 12:26:24.175" endtime="20240507 12:26:25.540"/>
</kw>
<kw name="Click Element" library="SeleniumLibrary">
<arg>${SubmitButton}</arg>
<doc>Click the element identified by ``locator``.</doc>
<msg timestamp="20240507 12:26:25.541" level="INFO">Clicking element '//button[@id='submitButton']'.</msg>
<status status="PASS" starttime="20240507 12:26:25.540" endtime="20240507 12:26:26.444"/>
</kw>
<kw name="Wait Until Element Is Visible" library="SeleniumLibrary">
<arg>${ErrorField}</arg>
<doc>Waits until the element ``locator`` is visible.</doc>
<status status="PASS" starttime="20240507 12:26:26.444" endtime="20240507 12:26:27.299"/>
</kw>
<kw name="Element Should Be Visible" library="SeleniumLibrary">
<arg>${ErrorField}</arg>
<doc>Verifies that the element identified by ``locator`` is visible.</doc>
<msg timestamp="20240507 12:26:28.143" level="INFO">Element '//p[@id='salutation-error']' is displayed.</msg>
<status status="PASS" starttime="20240507 12:26:27.299" endtime="20240507 12:26:28.143"/>
</kw>
<status status="PASS" starttime="20240507 12:26:09.597" endtime="20240507 12:26:28.143"/>
</kw>
<status status="PASS" starttime="20240507 12:26:09.596" endtime="20240507 12:26:28.144"/>
</test>
<test id="s1-s1-s1-s3-s1-s1-s2-t3" name="Post-conditions" line="24">
<kw name="Close Browser" library="SeleniumLibrary">
<doc>Closes the current browser.</doc>
<status status="PASS" starttime="20240507 12:26:28.146" endtime="20240507 12:26:30.622"/>
</kw>
<status status="PASS" starttime="20240507 12:26:28.145" endtime="20240507 12:26:30.623"/>
</test>
<status status="PASS" starttime="20240507 12:26:01.898" endtime="20240507 12:26:30.625"/>
</suite>
<suite id="s1-s1-s1-s3-s1-s1-s3" name="KontrolaViditelnostiRegistracnihoFormulare" source="C:\Users\lukas_IT\Desktop\ZKOUSKA\Robot\TestSada_100-HlavniStranka\TestSada_FE_001_TestovaniFrontEnd\TestSada_FE_006_UzivatelskePrihlaseni\TestSada_FE_007_Registrace\TestSada_FE_008_RegistracniFormular\KontrolaViditelnostiRegistracnihoFormulare.robot">
<test id="s1-s1-s1-s3-s1-s1-s3-t1" name="Pre-Conditions" line="11">
<kw name="Set Selenium Speed" library="SeleniumLibrary">
<arg>0.4</arg>
<doc>Sets the delay that is waited after each Selenium command.</doc>
<status status="PASS" starttime="20240507 12:26:30.637" endtime="20240507 12:26:30.637"/>
</kw>
<kw name="Open Browser" library="SeleniumLibrary">
<arg>${URL}</arg>
<arg>${ProhlizecChrome}</arg>
<doc>Opens a new browser instance to the optional ``url``.</doc>
<msg timestamp="20240507 12:26:30.638" level="INFO">Opening browser 'Chrome' to base url 'https://www.dm.cz/'.</msg>
<status status="PASS" starttime="20240507 12:26:30.637" endtime="20240507 12:26:33.642"/>
</kw>
<kw name="Maximize Browser Window" library="SeleniumLibrary">
<doc>Maximizes current browser window.</doc>
<status status="PASS" starttime="20240507 12:26:33.643" endtime="20240507 12:26:34.177"/>
</kw>
<kw name="Wait Until Location Is" library="SeleniumLibrary">
<arg>${URL}</arg>
<doc>Waits until the current URL is ``expected``.</doc>
<status status="PASS" starttime="20240507 12:26:34.178" endtime="20240507 12:26:34.590"/>
</kw>
<kw name="Wait Until Element Is Visible" library="SeleniumLibrary">
<arg>${CookieButton}</arg>
<arg>timeout=10s</arg>
<doc>Waits until the element ``locator`` is visible.</doc>
<status status="PASS" starttime="20240507 12:26:34.591" endtime="20240507 12:26:35.434"/>
</kw>
<kw name="Click Element" library="SeleniumLibrary">
<arg>${CookieButton}</arg>
<doc>Click the element identified by ``locator``.</doc>
<msg timestamp="20240507 12:26:35.435" level="INFO">Clicking element 'dom:document.querySelector("#usercentrics-root").shadowRoot.querySelector("div[data-nosnippet='1'] .sc-aXZVg.jTGmCV div div .sc-dLMFU.QpAxQ .sc-eDPEul.jgnOsR .sc-kdBSHD.hwjBDA .sc-tagGq.rKCAx .sc-dtBdUo.fzvttm .sc-dcJsrY.idAmLR")'.</msg>
<status status="PASS" starttime="20240507 12:26:35.435" endtime="20240507 12:26:36.319"/>
</kw>
<kw name="Wait Until Element Is Visible" library="SeleniumLibrary">
<arg>${ClosePopUp}</arg>
<doc>Waits until the element ``locator`` is visible.</doc>
<status status="PASS" starttime="20240507 12:26:36.320" endtime="20240507 12:26:37.237"/>
</kw>
<kw name="Click Element" library="SeleniumLibrary">
<arg>${ClosePopUp}</arg>
<doc>Click the element identified by ``locator``.</doc>
<msg timestamp="20240507 12:26:37.239" level="INFO">Clicking element '//button[@title='Zavřít']'.</msg>
<status status="PASS" starttime="20240507 12:26:37.238" endtime="20240507 12:26:38.152"/>
</kw>
<status status="PASS" starttime="20240507 12:26:30.636" endtime="20240507 12:26:38.153"/>
</test>
<test id="s1-s1-s1-s3-s1-s1-s3-t2" name="TestCase_FE-107 – Kontrola viditelnosti registračního formuláře" line="21">
<kw name="KontrolaViditelnostiRegistracnihoFormulare">
<kw name="Wait Until Element Is Visible" library="SeleniumLibrary">
<arg>${MyAccount}</arg>
<doc>Waits until the element ``locator`` is visible.</doc>
<status status="PASS" starttime="20240507 12:26:38.157" endtime="20240507 12:26:38.996"/>
</kw>
<kw name="Click Element" library="SeleniumLibrary">
<arg>${MyAccount}</arg>
<doc>Click the element identified by ``locator``.</doc>
<msg timestamp="20240507 12:26:38.997" level="INFO">Clicking element '//button[@aria-label='Moje dm zákaznické konto']'.</msg>
<status status="PASS" starttime="20240507 12:26:38.996" endtime="20240507 12:26:39.875"/>
</kw>
<kw name="Wait Until Element Is Visible" library="SeleniumLibrary">
<arg>${RegisterButton}</arg>
<doc>Waits until the element ``locator`` is visible.</doc>
<status status="PASS" starttime="20240507 12:26:39.875" endtime="20240507 12:26:40.726"/>
</kw>
<kw name="Click Element" library="SeleniumLibrary">
<arg>${RegisterButton}</arg>
<doc>Click the element identified by ``locator``.</doc>
<msg timestamp="20240507 12:26:40.727" level="INFO">Clicking element '//a[@id='registration-button']'.</msg>
<status status="PASS" starttime="20240507 12:26:40.726" endtime="20240507 12:26:41.760"/>
</kw>
<kw name="Wait Until Element Is Visible" library="SeleniumLibrary">
<arg>${RegistrationForm}</arg>
<doc>Waits until the element ``locator`` is visible.</doc>
<status status="PASS" starttime="20240507 12:26:41.760" endtime="20240507 12:26:42.651"/>
</kw>
<kw name="Element Should Be Visible" library="SeleniumLibrary">
<arg>${RegistrationForm}</arg>
<doc>Verifies that the element identified by ``locator`` is visible.</doc>
<msg timestamp="20240507 12:26:43.526" level="INFO">Element '//form[@id='registration-form']' is displayed.</msg>
<status status="PASS" starttime="20240507 12:26:42.651" endtime="20240507 12:26:43.526"/>
</kw>
<status status="PASS" starttime="20240507 12:26:38.157" endtime="20240507 12:26:43.526"/>
</kw>
<status status="PASS" starttime="20240507 12:26:38.155" endtime="20240507 12:26:43.527"/>
</test>
<test id="s1-s1-s1-s3-s1-s1-s3-t3" name="Post-conditions" line="24">
<kw name="Close Browser" library="SeleniumLibrary">
<doc>Closes the current browser.</doc>
<status status="PASS" starttime="20240507 12:26:43.529" endtime="20240507 12:26:46.048"/>
</kw>
<status status="PASS" starttime="20240507 12:26:43.529" endtime="20240507 12:26:46.049"/>
</test>
<status status="PASS" starttime="20240507 12:26:30.628" endtime="20240507 12:26:46.051"/>
</suite>
<status status="PASS" starttime="20240507 12:25:34.813" endtime="20240507 12:26:46.054"/>
</suite>
<status status="PASS" starttime="20240507 12:25:34.809" endtime="20240507 12:26:46.057"/>
</suite>
<suite id="s1-s1-s1-s3-s2" name="TestSada FE 009 Prihlaseni" source="C:\Users\lukas_IT\Desktop\ZKOUSKA\Robot\TestSada_100-HlavniStranka\TestSada_FE_001_TestovaniFrontEnd\TestSada_FE_006_UzivatelskePrihlaseni\TestSada_FE_009_Prihlaseni">
<suite id="s1-s1-s1-s3-s2-s1" name="TestSada FE 010 PrihlasovaciFormular" source="C:\Users\lukas_IT\Desktop\ZKOUSKA\Robot\TestSada_100-HlavniStranka\TestSada_FE_001_TestovaniFrontEnd\TestSada_FE_006_UzivatelskePrihlaseni\TestSada_FE_009_Prihlaseni\TestSada_FE_010_PrihlasovaciFormular">
<suite id="s1-s1-s1-s3-s2-s1-s1" name="KontrolaPrihlaseni" source="C:\Users\lukas_IT\Desktop\ZKOUSKA\Robot\TestSada_100-HlavniStranka\TestSada_FE_001_TestovaniFrontEnd\TestSada_FE_006_UzivatelskePrihlaseni\TestSada_FE_009_Prihlaseni\TestSada_FE_010_PrihlasovaciFormular\KontrolaPrihlaseni.robot">
<test id="s1-s1-s1-s3-s2-s1-s1-t1" name="Pre-Conditions" line="11">
<kw name="Set Selenium Speed" library="SeleniumLibrary">
<arg>0.4</arg>
<doc>Sets the delay that is waited after each Selenium command.</doc>
<status status="PASS" starttime="20240507 12:26:46.077" endtime="20240507 12:26:46.077"/>
</kw>
<kw name="Open Browser" library="SeleniumLibrary">
<arg>${URL}</arg>
<arg>${ProhlizecChrome}</arg>
<doc>Opens a new browser instance to the optional ``url``.</doc>
<msg timestamp="20240507 12:26:46.078" level="INFO">Opening browser 'Chrome' to base url 'https://www.dm.cz/'.</msg>
<status status="PASS" starttime="20240507 12:26:46.078" endtime="20240507 12:26:49.024"/>
</kw>
<kw name="Maximize Browser Window" library="SeleniumLibrary">
<doc>Maximizes current browser window.</doc>
<status status="PASS" starttime="20240507 12:26:49.025" endtime="20240507 12:26:49.557"/>
</kw>
<kw name="Wait Until Location Is" library="SeleniumLibrary">
<arg>${URL}</arg>
<doc>Waits until the current URL is ``expected``.</doc>
<status status="PASS" starttime="20240507 12:26:49.558" endtime="20240507 12:26:50.020"/>
</kw>
<kw name="Wait Until Element Is Visible" library="SeleniumLibrary">
<arg>${CookieButton}</arg>
<arg>timeout=10s</arg>
<doc>Waits until the element ``locator`` is visible.</doc>
<status status="PASS" starttime="20240507 12:26:50.021" endtime="20240507 12:26:50.866"/>
</kw>
<kw name="Click Element" library="SeleniumLibrary">
<arg>${CookieButton}</arg>
<doc>Click the element identified by ``locator``.</doc>
<msg timestamp="20240507 12:26:50.868" level="INFO">Clicking element 'dom:document.querySelector("#usercentrics-root").shadowRoot.querySelector("div[data-nosnippet='1'] .sc-aXZVg.jTGmCV div div .sc-dLMFU.QpAxQ .sc-eDPEul.jgnOsR .sc-kdBSHD.hwjBDA .sc-tagGq.rKCAx .sc-dtBdUo.fzvttm .sc-dcJsrY.idAmLR")'.</msg>
<status status="PASS" starttime="20240507 12:26:50.867" endtime="20240507 12:26:51.752"/>
</kw>
<kw name="Wait Until Element Is Visible" library="SeleniumLibrary">
<arg>${ClosePopUp}</arg>
<doc>Waits until the element ``locator`` is visible.</doc>
<status status="PASS" starttime="20240507 12:26:51.754" endtime="20240507 12:26:52.634"/>
</kw>
<kw name="Click Element" library="SeleniumLibrary">
<arg>${ClosePopUp}</arg>
<doc>Click the element identified by ``locator``.</doc>
<msg timestamp="20240507 12:26:52.635" level="INFO">Clicking element '//button[@title='Zavřít']'.</msg>
<status status="PASS" starttime="20240507 12:26:52.635" endtime="20240507 12:26:53.558"/>
</kw>
<status status="PASS" starttime="20240507 12:26:46.076" endtime="20240507 12:26:53.559"/>
</test>
<test id="s1-s1-s1-s3-s2-s1-s1-t2" name="TestCase_FE-115 – Kontrola Přihlášení" line="21">
<kw name="KontrolaPrihlaseni">
<arg>kolarfranta060@gmail.com</arg>
<arg>kolarfranta060</arg>
<kw name="Wait Until Element Is Visible" library="SeleniumLibrary">
<arg>${MyAccount}</arg>
<doc>Waits until the element ``locator`` is visible.</doc>
<status status="PASS" starttime="20240507 12:26:53.562" endtime="20240507 12:26:54.395"/>
</kw>
<kw name="Click Element" library="SeleniumLibrary">
<arg>${MyAccount}</arg>
<doc>Click the element identified by ``locator``.</doc>
<msg timestamp="20240507 12:26:54.396" level="INFO">Clicking element '//button[@aria-label='Moje dm zákaznické konto']'.</msg>
<status status="PASS" starttime="20240507 12:26:54.395" endtime="20240507 12:26:55.262"/>
</kw>
<kw name="Wait Until Element Is Visible" library="SeleniumLibrary">
<arg>${LoginButton}</arg>
<doc>Waits until the element ``locator`` is visible.</doc>
<status status="PASS" starttime="20240507 12:26:55.262" endtime="20240507 12:26:56.111"/>
</kw>
<kw name="Click Element" library="SeleniumLibrary">
<arg>${LoginButton}</arg>
<doc>Click the element identified by ``locator``.</doc>
<msg timestamp="20240507 12:26:56.112" level="INFO">Clicking element '//button[@id='login-button']'.</msg>
<status status="PASS" starttime="20240507 12:26:56.111" endtime="20240507 12:26:58.650"/>
</kw>
<kw name="Wait Until Element Is Visible" library="SeleniumLibrary">
<arg>${LoginForm}</arg>
<doc>Waits until the element ``locator`` is visible.</doc>
<status status="PASS" starttime="20240507 12:26:58.650" endtime="20240507 12:26:59.536"/>
</kw>
<kw name="Element Should Be Visible" library="SeleniumLibrary">
<arg>${LoginForm}</arg>
<doc>Verifies that the element identified by ``locator`` is visible.</doc>
<msg timestamp="20240507 12:27:00.374" level="INFO">Element '//form[@id='login-form']' is displayed.</msg>
<status status="PASS" starttime="20240507 12:26:59.536" endtime="20240507 12:27:00.374"/>
</kw>
<kw name="Input Text" library="SeleniumLibrary">
<arg>${EmailInput}</arg>
<arg>${email}</arg>
<doc>Types the given ``text`` into the text field identified by ``locator``.</doc>
<msg timestamp="20240507 12:27:00.375" level="INFO">Typing text 'kolarfranta060@gmail.com' into text field '//input[@id='emailAddress-input']'.</msg>
<status status="PASS" starttime="20240507 12:27:00.374" endtime="20240507 12:27:01.850"/>
</kw>
<kw name="Input Text" library="SeleniumLibrary">
<arg>${PasswordInput}</arg>
<arg>${password}</arg>
<doc>Types the given ``text`` into the text field identified by ``locator``.</doc>
<msg timestamp="20240507 12:27:01.851" level="INFO">Typing text 'kolarfranta060' into text field '//input[@id='password-input']'.</msg>
<status status="PASS" starttime="20240507 12:27:01.850" endtime="20240507 12:27:03.225"/>
</kw>
<kw name="Click Element" library="SeleniumLibrary">
<arg>${SubmitButton}</arg>
<doc>Click the element identified by ``locator``.</doc>
<msg timestamp="20240507 12:27:03.226" level="INFO">Clicking element '//button[@id='login-button']'.</msg>
<status status="PASS" starttime="20240507 12:27:03.225" endtime="20240507 12:27:04.104"/>
</kw>
<status status="PASS" starttime="20240507 12:26:53.562" endtime="20240507 12:27:04.104"/>
</kw>
<status status="PASS" starttime="20240507 12:26:53.561" endtime="20240507 12:27:04.105"/>
</test>
<test id="s1-s1-s1-s3-s2-s1-s1-t3" name="Post-conditions" line="24">
<kw name="Close Browser" library="SeleniumLibrary">
<doc>Closes the current browser.</doc>
<status status="PASS" starttime="20240507 12:27:04.107" endtime="20240507 12:27:06.612"/>
</kw>
<status status="PASS" starttime="20240507 12:27:04.106" endtime="20240507 12:27:06.613"/>
</test>
<status status="PASS" starttime="20240507 12:26:46.067" endtime="20240507 12:27:06.615"/>
</suite>
<suite id="s1-s1-s1-s3-s2-s1-s2" name="KontrolaPrihlaseniProNeexistujiciUcet" source="C:\Users\lukas_IT\Desktop\ZKOUSKA\Robot\TestSada_100-HlavniStranka\TestSada_FE_001_TestovaniFrontEnd\TestSada_FE_006_UzivatelskePrihlaseni\TestSada_FE_009_Prihlaseni\TestSada_FE_010_PrihlasovaciFormular\KontrolaPrihlaseniProNeexistujiciUcet.robot">
<test id="s1-s1-s1-s3-s2-s1-s2-t1" name="Pre-Conditions" line="12">
<kw name="Set Selenium Speed" library="SeleniumLibrary">
<arg>0.4</arg>
<doc>Sets the delay that is waited after each Selenium command.</doc>
<status status="PASS" starttime="20240507 12:27:06.640" endtime="20240507 12:27:06.640"/>
</kw>
<kw name="Open Browser" library="SeleniumLibrary">
<arg>${URL}</arg>
<arg>${ProhlizecChrome}</arg>
<doc>Opens a new browser instance to the optional ``url``.</doc>
<msg timestamp="20240507 12:27:06.641" level="INFO">Opening browser 'Chrome' to base url 'https://www.dm.cz/'.</msg>
<status status="PASS" starttime="20240507 12:27:06.641" endtime="20240507 12:27:09.624"/>
</kw>
<kw name="Maximize Browser Window" library="SeleniumLibrary">
<doc>Maximizes current browser window.</doc>
<status status="PASS" starttime="20240507 12:27:09.624" endtime="20240507 12:27:10.153"/>
</kw>
<kw name="Wait Until Location Is" library="SeleniumLibrary">
<arg>${URL}</arg>
<doc>Waits until the current URL is ``expected``.</doc>
<status status="PASS" starttime="20240507 12:27:10.154" endtime="20240507 12:27:10.623"/>
</kw>
<kw name="Wait Until Element Is Visible" library="SeleniumLibrary">
<arg>${CookieButton}</arg>
<arg>timeout=10s</arg>
<doc>Waits until the element ``locator`` is visible.</doc>
<status status="PASS" starttime="20240507 12:27:10.624" endtime="20240507 12:27:11.458"/>
</kw>
<kw name="Click Element" library="SeleniumLibrary">
<arg>${CookieButton}</arg>
<doc>Click the element identified by ``locator``.</doc>
<msg timestamp="20240507 12:27:11.460" level="INFO">Clicking element 'dom:document.querySelector("#usercentrics-root").shadowRoot.querySelector("div[data-nosnippet='1'] .sc-aXZVg.jTGmCV div div .sc-dLMFU.QpAxQ .sc-eDPEul.jgnOsR .sc-kdBSHD.hwjBDA .sc-tagGq.rKCAx .sc-dtBdUo.fzvttm .sc-dcJsrY.idAmLR")'.</msg>
<status status="PASS" starttime="20240507 12:27:11.459" endtime="20240507 12:27:12.387"/>
</kw>
<kw name="Wait Until Element Is Visible" library="SeleniumLibrary">
<arg>${ClosePopUp}</arg>
<doc>Waits until the element ``locator`` is visible.</doc>
<status status="PASS" starttime="20240507 12:27:12.387" endtime="20240507 12:27:13.290"/>
</kw>
<kw name="Click Element" library="SeleniumLibrary">
<arg>${ClosePopUp}</arg>
<doc>Click the element identified by ``locator``.</doc>
<msg timestamp="20240507 12:27:13.292" level="INFO">Clicking element '//button[@title='Zavřít']'.</msg>
<status status="PASS" starttime="20240507 12:27:13.291" endtime="20240507 12:27:14.235"/>
</kw>
<status status="PASS" starttime="20240507 12:27:06.639" endtime="20240507 12:27:14.236"/>
</test>
<test id="s1-s1-s1-s3-s2-s1-s2-t2" name="TestCase_FE-114 – Kontrola Přihlášení pro neexistující účet" line="22">
<kw name="KontrolaPrihlaseniProNeexistujiciUcet">
<arg>pp123@email.com</arg>
<arg>SSSasdasdasdasdasdasd.</arg>
<kw name="Wait Until Element Is Visible" library="SeleniumLibrary">
<arg>${MyAccount}</arg>
<doc>Waits until the element ``locator`` is visible.</doc>
<status status="PASS" starttime="20240507 12:27:14.239" endtime="20240507 12:27:15.088"/>
</kw>
<kw name="Click Element" library="SeleniumLibrary">
<arg>${MyAccount}</arg>
<doc>Click the element identified by ``locator``.</doc>
<msg timestamp="20240507 12:27:15.089" level="INFO">Clicking element '//button[@aria-label='Moje dm zákaznické konto']'.</msg>
<status status="PASS" starttime="20240507 12:27:15.088" endtime="20240507 12:27:15.965"/>
</kw>
<kw name="Wait Until Element Is Visible" library="SeleniumLibrary">
<arg>${LoginButton}</arg>
<doc>Waits until the element ``locator`` is visible.</doc>
<status status="PASS" starttime="20240507 12:27:15.965" endtime="20240507 12:27:16.813"/>
</kw>
<kw name="Click Element" library="SeleniumLibrary">
<arg>${LoginButton}</arg>
<doc>Click the element identified by ``locator``.</doc>
<msg timestamp="20240507 12:27:16.814" level="INFO">Clicking element '//button[@id='login-button']'.</msg>
<status status="PASS" starttime="20240507 12:27:16.813" endtime="20240507 12:27:18.192"/>
</kw>
<kw name="Wait Until Element Is Visible" library="SeleniumLibrary">
<arg>${LoginForm}</arg>
<doc>Waits until the element ``locator`` is visible.</doc>
<status status="PASS" starttime="20240507 12:27:18.192" endtime="20240507 12:27:19.121"/>
</kw>
<kw name="Element Should Be Visible" library="SeleniumLibrary">
<arg>${LoginForm}</arg>
<doc>Verifies that the element identified by ``locator`` is visible.</doc>
<msg timestamp="20240507 12:27:19.968" level="INFO">Element '//form[@id='login-form']' is displayed.</msg>
<status status="PASS" starttime="20240507 12:27:19.122" endtime="20240507 12:27:19.968"/>
</kw>
<kw name="Input Text" library="SeleniumLibrary">
<arg>${EmailInput}</arg>
<arg>${email}</arg>
<doc>Types the given ``text`` into the text field identified by ``locator``.</doc>
<msg timestamp="20240507 12:27:19.969" level="INFO">Typing text 'pp123@email.com' into text field '//input[@id='emailAddress-input']'.</msg>
<status status="PASS" starttime="20240507 12:27:19.968" endtime="20240507 12:27:21.381"/>
</kw>
<kw name="Input Text" library="SeleniumLibrary">
<arg>${PasswordInput}</arg>
<arg>${password}</arg>
<doc>Types the given ``text`` into the text field identified by ``locator``.</doc>
<msg timestamp="20240507 12:27:21.382" level="INFO">Typing text 'SSSasdasdasdasdasdasd.' into text field '//input[@id='password-input']'.</msg>
<status status="PASS" starttime="20240507 12:27:21.381" endtime="20240507 12:27:22.797"/>
</kw>
<kw name="Click Element" library="SeleniumLibrary">
<arg>${SubmitButton}</arg>
<doc>Click the element identified by ``locator``.</doc>
<msg timestamp="20240507 12:27:22.798" level="INFO">Clicking element '//button[@id='login-button']'.</msg>
<status status="PASS" starttime="20240507 12:27:22.797" endtime="20240507 12:27:23.678"/>
</kw>
<kw name="Wait Until Element Is Visible" library="SeleniumLibrary">
<arg>${ErrorForNEC}</arg>
<doc>Waits until the element ``locator`` is visible.</doc>
<status status="PASS" starttime="20240507 12:27:23.678" endtime="20240507 12:27:29.531"/>
</kw>
<kw name="Element Should Be Visible" library="SeleniumLibrary">
<arg>${ErrorForNEC}</arg>
<doc>Verifies that the element identified by ``locator`` is visible.</doc>
<msg timestamp="20240507 12:27:30.373" level="INFO">Element '//p[@data-dmid='general-error-text']' is displayed.</msg>
<status status="PASS" starttime="20240507 12:27:29.531" endtime="20240507 12:27:30.373"/>
</kw>
<status status="PASS" starttime="20240507 12:27:14.239" endtime="20240507 12:27:30.373"/>
</kw>
<status status="PASS" starttime="20240507 12:27:14.238" endtime="20240507 12:27:30.374"/>
</test>
<test id="s1-s1-s1-s3-s2-s1-s2-t3" name="Post-conditions" line="25">
<kw name="Close Browser" library="SeleniumLibrary">
<doc>Closes the current browser.</doc>
<status status="PASS" starttime="20240507 12:27:30.376" endtime="20240507 12:27:32.885"/>
</kw>
<status status="PASS" starttime="20240507 12:27:30.375" endtime="20240507 12:27:32.886"/>
</test>
<status status="PASS" starttime="20240507 12:27:06.618" endtime="20240507 12:27:32.888"/>
</suite>
<suite id="s1-s1-s1-s3-s2-s1-s3" name="KontrolaValidacePoliFormulare" source="C:\Users\lukas_IT\Desktop\ZKOUSKA\Robot\TestSada_100-HlavniStranka\TestSada_FE_001_TestovaniFrontEnd\TestSada_FE_006_UzivatelskePrihlaseni\TestSada_FE_009_Prihlaseni\TestSada_FE_010_PrihlasovaciFormular\KontrolaValidacePoliFormulare.robot">
<test id="s1-s1-s1-s3-s2-s1-s3-t1" name="Pre-Conditions" line="12">
<kw name="Set Selenium Speed" library="SeleniumLibrary">
<arg>0.4</arg>
<doc>Sets the delay that is waited after each Selenium command.</doc>
[...]
  (Session info: chrome=124.0.6367.119)
Stacktrace:
	GetHandleVerifier [0x00007FF70C591502+60802]
	(No symbol) [0x00007FF70C50AC02]
	(No symbol) [0x00007FF70C3C7CE4]
	(No symbol) [0x00007FF70C41E877]
	(No symbol) [0x00007FF70C41C344]
	(No symbol) [0x00007FF70C41980A]
	(No symbol) [0x00007FF70C4189E2]
	(No symbol) [0x00007FF70C40AE8B]
	(No symbol) [0x00007FF70C43AB7A]
	(No symbol) [0x00007FF70C40A7C6]
	(No symbol) [0x00007FF70C43AD90]
	(No symbol) [0x00007FF70C45A224]
	(No symbol) [0x00007FF70C43A923]
	(No symbol) [0x00007FF70C408FEC]
	(No symbol) [0x00007FF70C409C21]
	GetHandleVerifier [0x00007FF70C89411D+3217821]
	GetHandleVerifier [0x00007FF70C8D60B7+3488055]
	GetHandleVerifier [0x00007FF70C8CF03F+3459263]
	GetHandleVerifier [0x00007FF70C64B846+823494]
	(No symbol) [0x00007FF70C515F9F]
	(No symbol) [0x00007FF70C510EC4]
	(No symbol) [0x00007FF70C511052]
	(No symbol) [0x00007FF70C5018A4]
	BaseThreadInitThunk [0x00007FFA5FC97344+20]
	RtlUserThreadStart [0x00007FFA603026B1+33]
</status>
</test>
<test id="s1-s2-s1-s1-s3-t3" name="Post-conditions" line="30">
<kw name="Close Browser" library="SeleniumLibrary">
<doc>Closes the current browser.</doc>
<status status="PASS" starttime="20240507 12:40:03.283" endtime="20240507 12:40:05.775"/>
</kw>
<status status="PASS" starttime="20240507 12:40:03.282" endtime="20240507 12:40:05.776"/>
</test>
<status status="FAIL" starttime="20240507 12:39:53.509" endtime="20240507 12:40:05.778"/>
</suite>
<status status="FAIL" starttime="20240507 12:39:27.824" endtime="20240507 12:40:05.781"/>
</suite>
<status status="FAIL" starttime="20240507 12:39:27.820" endtime="20240507 12:40:05.784"/>
</suite>
<status status="FAIL" starttime="20240507 12:39:27.816" endtime="20240507 12:40:05.787"/>
</suite>
<status status="FAIL" starttime="20240507 12:23:49.384" endtime="20240507 12:40:05.796"/>
</suite>
<statistics>
<total>
<stat pass="139" fail="8" skip="0">All Tests</stat>
</total>
<tag>
</tag>
<suite>
<stat pass="139" fail="8" skip="0" id="s1" name="Robot">Robot</stat>
<stat pass="132" fail="6" skip="0" id="s1-s1" name="TestSada 100-HlavniStranka">Robot.TestSada 100-HlavniStranka</stat>
<stat pass="132" fail="6" skip="0" id="s1-s1-s1" name="TestSada FE 001 TestovaniFrontEnd">Robot.TestSada 100-HlavniStranka.TestSada FE 001 TestovaniFrontEnd</stat>
<stat pass="6" fail="0" skip="0" id="s1-s1-s1-s1" name="TestSada FE 002 Cookies">Robot.TestSada 100-HlavniStranka.TestSada FE 001 TestovaniFrontEnd.TestSada FE 002 Cookies</stat>
<stat pass="3" fail="0" skip="0" id="s1-s1-s1-s1-s1" name="KontrolaFunkcnostiTlacitekCookies">Robot.TestSada 100-HlavniStranka.TestSada FE 001 TestovaniFrontEnd.TestSada FE 002 Cookies.KontrolaFunkcnostiTlacitekCookies</stat>
<stat pass="3" fail="0" skip="0" id="s1-s1-s1-s1-s2" name="KontrolaViditelnostiTlacitekCookies">Robot.TestSada 100-HlavniStranka.TestSada FE 001 TestovaniFrontEnd.TestSada FE 002 Cookies.KontrolaViditelnostiTlacitekCookies</stat>
<stat pass="12" fail="0" skip="0" id="s1-s1-s1-s2" name="TestSada FE 003 NavigacniMenu">Robot.TestSada 100-HlavniStranka.TestSada FE 001 TestovaniFrontEnd.TestSada FE 003 NavigacniMenu</stat>
<stat pass="6" fail="0" skip="0" id="s1-s1-s1-s2-s1" name="TestSada FE 004 TlacitkaNavigacnihoMenu">Robot.TestSada 100-HlavniStranka.TestSada FE 001 TestovaniFrontEnd.TestSada FE 003 NavigacniMenu.TestSada FE 004 TlacitkaNavigacnihoMenu</stat>
<stat pass="3" fail="0" skip="0" id="s1-s1-s1-s2-s1-s1" name="KontrolaFunkcnostiTlacitek">Robot.TestSada 100-HlavniStranka.TestSada FE 001 TestovaniFrontEnd.TestSada FE 003 NavigacniMenu.TestSada FE 004 TlacitkaNavigacnihoMenu.KontrolaFunkcnostiTlacitek</stat>
<stat pass="3" fail="0" skip="0" id="s1-s1-s1-s2-s1-s2" name="KontrolaViditelnostiTlacitekNavigacnihoMenu">Robot.TestSada 100-HlavniStranka.TestSada FE 001 TestovaniFrontEnd.TestSada FE 003 NavigacniMenu.TestSada FE 004 TlacitkaNavigacnihoMenu.KontrolaViditelnostiTlacitekNavigacnihoMenu</stat>
<stat pass="6" fail="0" skip="0" id="s1-s1-s1-s2-s2" name="TestSada FE 005 VyhledavaciPole">Robot.TestSada 100-HlavniStranka.TestSada FE 001 TestovaniFrontEnd.TestSada FE 003 NavigacniMenu.TestSada FE 005 VyhledavaciPole</stat>
<stat pass="3" fail="0" skip="0" id="s1-s1-s1-s2-s2-s1" name="KontrolaFunkcnostiVyhledavacihoPole">Robot.TestSada 100-HlavniStranka.TestSada FE 001 TestovaniFrontEnd.TestSada FE 003 NavigacniMenu.TestSada FE 005 VyhledavaciPole.KontrolaFunkcnostiVyhledavacihoPole</stat>
<stat pass="3" fail="0" skip="0" id="s1-s1-s1-s2-s2-s2" name="KontrolaViditelnostiVyhledavacihoPole">Robot.TestSada 100-HlavniStranka.TestSada FE 001 TestovaniFrontEnd.TestSada FE 003 NavigacniMenu.TestSada FE 005 VyhledavaciPole.KontrolaViditelnostiVyhledavacihoPole</stat>
<stat pass="26" fail="1" skip="0" id="s1-s1-s1-s3" name="TestSada FE 006 UzivatelskePrihlaseni">Robot.TestSada 100-HlavniStranka.TestSada FE 001 TestovaniFrontEnd.TestSada FE 006 UzivatelskePrihlaseni</stat>
<stat pass="9" fail="0" skip="0" id="s1-s1-s1-s3-s1" name="TestSada FE 007 Registrace">Robot.TestSada 100-HlavniStranka.TestSada FE 001 TestovaniFrontEnd.TestSada FE 006 UzivatelskePrihlaseni.TestSada FE 007 Registrace</stat>
<stat pass="9" fail="0" skip="0" id="s1-s1-s1-s3-s1-s1" name="TestSada FE 008 RegistracniFormular">Robot.TestSada 100-HlavniStranka.TestSada FE 001 TestovaniFrontEnd.TestSada FE 006 UzivatelskePrihlaseni.TestSada FE 007 Registrace.TestSada FE 008 RegistracniFormular</stat>
<stat pass="3" fail="0" skip="0" id="s1-s1-s1-s3-s1-s1-s1" name="KontrolaRegistrace">Robot.TestSada 100-HlavniStranka.TestSada FE 001 TestovaniFrontEnd.TestSada FE 006 UzivatelskePrihlaseni.TestSada FE 007 Registrace.TestSada FE 008 RegistracniFormular.KontrolaRegistrace</stat>
<stat pass="3" fail="0" skip="0" id="s1-s1-s1-s3-s1-s1-s2" name="KontrolaValidacePoliFormulare">Robot.TestSada 100-HlavniStranka.TestSada FE 001 TestovaniFrontEnd.TestSada FE 006 UzivatelskePrihlaseni.TestSada FE 007 Registrace.TestSada FE 008 RegistracniFormular.KontrolaValidacePoliFormulare</stat>
<stat pass="3" fail="0" skip="0" id="s1-s1-s1-s3-s1-s1-s3" name="KontrolaViditelnostiRegistracnihoFormulare">Robot.TestSada 100-HlavniStranka.TestSada FE 001 TestovaniFrontEnd.TestSada FE 006 UzivatelskePrihlaseni.TestSada FE 007 Registrace.TestSada FE 008 RegistracniFormular.KontrolaViditelnostiRegistracnihoFormulare</stat>
<stat pass="14" fail="1" skip="0" id="s1-s1-s1-s3-s2" name="TestSada FE 009 Prihlaseni">Robot.TestSada 100-HlavniStranka.TestSada FE 001 TestovaniFrontEnd.TestSada FE 006 UzivatelskePrihlaseni.TestSada FE 009 Prihlaseni</stat>
<stat pass="14" fail="1" skip="0" id="s1-s1-s1-s3-s2-s1" name="TestSada FE 010 PrihlasovaciFormular">Robot.TestSada 100-HlavniStranka.TestSada FE 001 TestovaniFrontEnd.TestSada FE 006 UzivatelskePrihlaseni.TestSada FE 009 Prihlaseni.TestSada FE 010 PrihlasovaciFormular</stat>
<stat pass="3" fail="0" skip="0" id="s1-s1-s1-s3-s2-s1-s1" name="KontrolaPrihlaseni">Robot.TestSada 100-HlavniStranka.TestSada FE 001 TestovaniFrontEnd.TestSada FE 006 UzivatelskePrihlaseni.TestSada FE 009 Prihlaseni.TestSada FE 010 PrihlasovaciFormular.KontrolaPrihlaseni</stat>
<stat pass="3" fail="0" skip="0" id="s1-s1-s1-s3-s2-s1-s2" name="KontrolaPrihlaseniProNeexistujiciUcet">Robot.TestSada 100-HlavniStranka.TestSada FE 001 TestovaniFrontEnd.TestSada FE 006 UzivatelskePrihlaseni.TestSada FE 009 Prihlaseni.TestSada FE 010 PrihlasovaciFormular.KontrolaPrihlaseniProNeexistujiciUcet</stat>
<stat pass="3" fail="0" skip="0" id="s1-s1-s1-s3-s2-s1-s3" name="KontrolaValidacePoliFormulare">Robot.TestSada 100-HlavniStranka.TestSada FE 001 TestovaniFrontEnd.TestSada FE 006 UzivatelskePrihlaseni.TestSada FE 009 Prihlaseni.TestSada FE 010 PrihlasovaciFormular.KontrolaValidacePoliFormulare</stat>
<stat pass="3" fail="0" skip="0" id="s1-s1-s1-s3-s2-s1-s4" name="KontrolaViditelnostiPrihlasovacihoFormulare">Robot.TestSada 100-HlavniStranka.TestSada FE 001 TestovaniFrontEnd.TestSada FE 006 UzivatelskePrihlaseni.TestSada FE 009 Prihlaseni.TestSada FE 010 PrihlasovaciFormular.KontrolaViditelnostiPrihlasovacihoFormulare</stat>
<stat pass="2" fail="1" skip="0" id="s1-s1-s1-s3-s2-s1-s5" name="KontrolaZapomenutiHesla">Robot.TestSada 100-HlavniStranka.TestSada FE 001 TestovaniFrontEnd.TestSada FE 006 UzivatelskePrihlaseni.TestSada FE 009 Prihlaseni.TestSada FE 010 PrihlasovaciFormular.KontrolaZapomenutiHesla</stat>
<stat pass="3" fail="0" skip="0" id="s1-s1-s1-s3-s3" name="TestSada FE 011 Odhlaseni">Robot.TestSada 100-HlavniStranka.TestSada FE 001 TestovaniFrontEnd.TestSada FE 006 UzivatelskePrihlaseni.TestSada FE 011 Odhlaseni</stat>
<stat pass="3" fail="0" skip="0" id="s1-s1-s1-s3-s3-s1" name="KontrolaOdhlaseni">Robot.TestSada 100-HlavniStranka.TestSada FE 001 TestovaniFrontEnd.TestSada FE 006 UzivatelskePrihlaseni.TestSada FE 011 Odhlaseni.KontrolaOdhlaseni</stat>
<stat pass="12" fail="0" skip="0" id="s1-s1-s1-s4" name="TestSada FE 012 HledaniProdejen">Robot.TestSada 100-HlavniStranka.TestSada FE 001 TestovaniFrontEnd.TestSada FE 012 HledaniProdejen</stat>
<stat pass="3" fail="0" skip="0" id="s1-s1-s1-s4-s1" name="KontrolaFiltrovani">Robot.TestSada 100-HlavniStranka.TestSada FE 001 TestovaniFrontEnd.TestSada FE 012 HledaniProdejen.KontrolaFiltrovani</stat>
<stat pass="3" fail="0" skip="0" id="s1-s1-s1-s4-s2" name="KontrolaVyhledavani">Robot.TestSada 100-HlavniStranka.TestSada FE 001 TestovaniFrontEnd.TestSada FE 012 HledaniProdejen.KontrolaVyhledavani</stat>
<stat pass="3" fail="0" skip="0" id="s1-s1-s1-s4-s3" name="KontrolaVyhledavaniPodlePolohy">Robot.TestSada 100-HlavniStranka.TestSada FE 001 TestovaniFrontEnd.TestSada FE 012 HledaniProdejen.KontrolaVyhledavaniPodlePolohy</stat>
<stat pass="3" fail="0" skip="0" id="s1-s1-s1-s4-s4" name="KontrolaZobrazeniProdejen">Robot.TestSada 100-HlavniStranka.TestSada FE 001 TestovaniFrontEnd.TestSada FE 012 HledaniProdejen.KontrolaZobrazeniProdejen</stat>
<stat pass="16" fail="2" skip="0" id="s1-s1-s1-s5" name="TestSada FE 013 SpravaProfilu">Robot.TestSada 100-HlavniStranka.TestSada FE 001 TestovaniFrontEnd.TestSada FE 013 SpravaProfilu</stat>
<stat pass="13" fail="2" skip="0" id="s1-s1-s1-s5-s1" name="TestSada FE 014 MujProfil">Robot.TestSada 100-HlavniStranka.TestSada FE 001 TestovaniFrontEnd.TestSada FE 013 SpravaProfilu.TestSada FE 014 MujProfil</stat>
<stat pass="3" fail="0" skip="0" id="s1-s1-s1-s5-s1-s1" name="TestSada FE 015 MojeUdaje">Robot.TestSada 100-HlavniStranka.TestSada FE 001 TestovaniFrontEnd.TestSada FE 013 SpravaProfilu.TestSada FE 014 MujProfil.TestSada FE 015 MojeUdaje</stat>
<stat pass="3" fail="0" skip="0" id="s1-s1-s1-s5-s1-s1-s1" name="KontrolaUpravyOsobnichUdaju">Robot.TestSada 100-HlavniStranka.TestSada FE 001 TestovaniFrontEnd.TestSada FE 013 SpravaProfilu.TestSada FE 014 MujProfil.TestSada FE 015 MojeUdaje.KontrolaUpravyOsobnichUdaju</stat>
<stat pass="10" fail="2" skip="0" id="s1-s1-s1-s5-s1-s2" name="TestSada FE 016 MojeAdresy">Robot.TestSada 100-HlavniStranka.TestSada FE 001 TestovaniFrontEnd.TestSada FE 013 SpravaProfilu.TestSada FE 014 MujProfil.TestSada FE 016 MojeAdresy</stat>
<stat pass="3" fail="0" skip="0" id="s1-s1-s1-s5-s1-s2-s1" name="KontrolaSmazaniAdresy">Robot.TestSada 100-HlavniStranka.TestSada FE 001 TestovaniFrontEnd.TestSada FE 013 SpravaProfilu.TestSada FE 014 MujProfil.TestSada FE 016 MojeAdresy.KontrolaSmazaniAdresy</stat>
<stat pass="1" fail="2" skip="0" id="s1-s1-s1-s5-s1-s2-s2" name="KontrolaUpravyExistujiciAdresy">Robot.TestSada 100-HlavniStranka.TestSada FE 001 TestovaniFrontEnd.TestSada FE 013 SpravaProfilu.TestSada FE 014 MujProfil.TestSada FE 016 MojeAdresy.KontrolaUpravyExistujiciAdresy</stat>
<stat pass="3" fail="0" skip="0" id="s1-s1-s1-s5-s1-s2-s3" name="KontrolaValidaceDat">Robot.TestSada 100-HlavniStranka.TestSada FE 001 TestovaniFrontEnd.TestSada FE 013 SpravaProfilu.TestSada FE 014 MujProfil.TestSada FE 016 MojeAdresy.KontrolaValidaceDat</stat>
<stat pass="3" fail="0" skip="0" id="s1-s1-s1-s5-s1-s2-s4" name="KontrolaVlozeniNoveAdresy">Robot.TestSada 100-HlavniStranka.TestSada FE 001 TestovaniFrontEnd.TestSada FE 013 SpravaProfilu.TestSada FE 014 MujProfil.TestSada FE 016 MojeAdresy.KontrolaVlozeniNoveAdresy</stat>
<stat pass="3" fail="0" skip="0" id="s1-s1-s1-s5-s2" name="TestSada FE 017 MujNewsletter">Robot.TestSada 100-HlavniStranka.TestSada FE 001 TestovaniFrontEnd.TestSada FE 013 SpravaProfilu.TestSada FE 017 MujNewsletter</stat>
<stat pass="3" fail="0" skip="0" id="s1-s1-s1-s5-s2-s1" name="KontrolaNastaveniNewsletteru">Robot.TestSada 100-HlavniStranka.TestSada FE 001 TestovaniFrontEnd.TestSada FE 013 SpravaProfilu.TestSada FE 017 MujNewsletter.KontrolaNastaveniNewsletteru</stat>
<stat pass="8" fail="1" skip="0" id="s1-s1-s1-s6" name="TestSada FE 018 MojeOblibeneProdukty">Robot.TestSada 100-HlavniStranka.TestSada FE 001 TestovaniFrontEnd.TestSada FE 018 MojeOblibeneProdukty</stat>
<stat pass="3" fail="0" skip="0" id="s1-s1-s1-s6-s1" name="KontrolaPridaniOblibenychProduktu">Robot.TestSada 100-HlavniStranka.TestSada FE 001 TestovaniFrontEnd.TestSada FE 018 MojeOblibeneProdukty.KontrolaPridaniOblibenychProduktu</stat>
<stat pass="2" fail="1" skip="0" id="s1-s1-s1-s6-s2" name="KontrolaSmazaniOblibenychProduktu">Robot.TestSada 100-HlavniStranka.TestSada FE 001 TestovaniFrontEnd.TestSada FE 018 MojeOblibeneProdukty.KontrolaSmazaniOblibenychProduktu</stat>
<stat pass="3" fail="0" skip="0" id="s1-s1-s1-s6-s3" name="KontrolaZobrazeniOblibenychProduktu">Robot.TestSada 100-HlavniStranka.TestSada FE 001 TestovaniFrontEnd.TestSada FE 018 MojeOblibeneProdukty.KontrolaZobrazeniOblibenychProduktu</stat>
<stat pass="12" fail="0" skip="0" id="s1-s1-s1-s7" name="TestSada FE 019 NakupniKosik">Robot.TestSada 100-HlavniStranka.TestSada FE 001 TestovaniFrontEnd.TestSada FE 019 NakupniKosik</stat>
<stat pass="3" fail="0" skip="0" id="s1-s1-s1-s7-s1" name="KontrolaMoznostiPrejitKPlatbe">Robot.TestSada 100-HlavniStranka.TestSada FE 001 TestovaniFrontEnd.TestSada FE 019 NakupniKosik.KontrolaMoznostiPrejitKPlatbe</stat>
<stat pass="3" fail="0" skip="0" id="s1-s1-s1-s7-s2" name="KontrolaOdstraneniProduktuZKosiku">Robot.TestSada 100-HlavniStranka.TestSada FE 001 TestovaniFrontEnd.TestSada FE 019 NakupniKosik.KontrolaOdstraneniProduktuZKosiku</stat>
<stat pass="3" fail="0" skip="0" id="s1-s1-s1-s7-s3" name="KontrolaPridaniProduktuDoKosiku">Robot.TestSada 100-HlavniStranka.TestSada FE 001 TestovaniFrontEnd.TestSada FE 019 NakupniKosik.KontrolaPridaniProduktuDoKosiku</stat>
<stat pass="3" fail="0" skip="0" id="s1-s1-s1-s7-s4" name="KontrolaZmenyMnozstviProduktuVKosiku">Robot.TestSada 100-HlavniStranka.TestSada FE 001 TestovaniFrontEnd.TestSada FE 019 NakupniKosik.KontrolaZmenyMnozstviProduktuVKosiku</stat>
<stat pass="8" fail="1" skip="0" id="s1-s1-s1-s8" name="TestSada FE 020 Slider">Robot.TestSada 100-HlavniStranka.TestSada FE 001 TestovaniFrontEnd.TestSada FE 020 Slider</stat>
<stat pass="3" fail="0" skip="0" id="s1-s1-s1-s8-s1" name="KontrolaObrazku">Robot.TestSada 100-HlavniStranka.TestSada FE 001 TestovaniFrontEnd.TestSada FE 020 Slider.KontrolaObrazku</stat>
<stat pass="3" fail="0" skip="0" id="s1-s1-s1-s8-s2" name="KontrolaPosouvaniObrazku">Robot.TestSada 100-HlavniStranka.TestSada FE 001 TestovaniFrontEnd.TestSada FE 020 Slider.KontrolaPosouvaniObrazku</stat>
<stat pass="2" fail="1" skip="0" id="s1-s1-s1-s8-s3" name="KontrolaPresmerovani">Robot.TestSada 100-HlavniStranka.TestSada FE 001 TestovaniFrontEnd.TestSada FE 020 Slider.KontrolaPresmerovani</stat>
<stat pass="6" fail="0" skip="0" id="s1-s1-s1-s9" name="TestSada FE 021 VsechnyKategorie">Robot.TestSada 100-HlavniStranka.TestSada FE 001 TestovaniFrontEnd.TestSada FE 021 VsechnyKategorie</stat>
<stat pass="3" fail="0" skip="0" id="s1-s1-s1-s9-s1" name="KontrolaFunkcnostiOdkazu">Robot.TestSada 100-HlavniStranka.TestSada FE 001 TestovaniFrontEnd.TestSada FE 021 VsechnyKategorie.KontrolaFunkcnostiOdkazu</stat>
<stat pass="3" fail="0" skip="0" id="s1-s1-s1-s9-s2" name="KontrolaKategorii">Robot.TestSada 100-HlavniStranka.TestSada FE 001 TestovaniFrontEnd.TestSada FE 021 VsechnyKategorie.KontrolaKategorii</stat>
<stat pass="8" fail="1" skip="0" id="s1-s1-s1-s10" name="TestSada FE 022 NoveVSortimentu">Robot.TestSada 100-HlavniStranka.TestSada FE 001 TestovaniFrontEnd.TestSada FE 022 NoveVSortimentu</stat>
<stat pass="3" fail="0" skip="0" id="s1-s1-s1-s10-s1" name="KontrolaPosouvaniProduktu">Robot.TestSada 100-HlavniStranka.TestSada FE 001 TestovaniFrontEnd.TestSada FE 022 NoveVSortimentu.KontrolaPosouvaniProduktu</stat>
<stat pass="3" fail="0" skip="0" id="s1-s1-s1-s10-s2" name="KontrolaPresmerovaniProduktu">Robot.TestSada 100-HlavniStranka.TestSada FE 001 TestovaniFrontEnd.TestSada FE 022 NoveVSortimentu.KontrolaPresmerovaniProduktu</stat>
<stat pass="2" fail="1" skip="0" id="s1-s1-s1-s10-s3" name="KontrolaProduktu">Robot.TestSada 100-HlavniStranka.TestSada FE 001 TestovaniFrontEnd.TestSada FE 022 NoveVSortimentu.KontrolaProduktu</stat>
<stat pass="3" fail="0" skip="0" id="s1-s1-s1-s11" name="TestSada FE 023 Feedback">Robot.TestSada 100-HlavniStranka.TestSada FE 001 TestovaniFrontEnd.TestSada FE 023 Feedback</stat>
<stat pass="3" fail="0" skip="0" id="s1-s1-s1-s11-s1" name="KontrolaFunkcnostiTlacitek">Robot.TestSada 100-HlavniStranka.TestSada FE 001 TestovaniFrontEnd.TestSada FE 023 Feedback.KontrolaFunkcnostiTlacitek</stat>
<stat pass="6" fail="0" skip="0" id="s1-s1-s1-s12" name="TestSada FE 024 StahnoutAplikaciMojeDm">Robot.TestSada 100-HlavniStranka.TestSada FE 001 TestovaniFrontEnd.TestSada FE 024 StahnoutAplikaciMojeDm</stat>
<stat pass="3" fail="0" skip="0" id="s1-s1-s1-s12-s1" name="KontrolaFunkcnostiTlacitek">Robot.TestSada 100-HlavniStranka.TestSada FE 001 TestovaniFrontEnd.TestSada FE 024 StahnoutAplikaciMojeDm.KontrolaFunkcnostiTlacitek</stat>
<stat pass="3" fail="0" skip="0" id="s1-s1-s1-s12-s2" name="KontrolaViditelnostiTlacitek">Robot.TestSada 100-HlavniStranka.TestSada FE 001 TestovaniFrontEnd.TestSada FE 024 StahnoutAplikaciMojeDm.KontrolaViditelnostiTlacitek</stat>
<stat pass="9" fail="0" skip="0" id="s1-s1-s1-s13" name="TestSada FE 025 Filtrovani">Robot.TestSada 100-HlavniStranka.TestSada FE 001 TestovaniFrontEnd.TestSada FE 025 Filtrovani</stat>
<stat pass="3" fail="0" skip="0" id="s1-s1-s1-s13-s1" name="KontrolaFiltrovaniPodleBarvy">Robot.TestSada 100-HlavniStranka.TestSada FE 001 TestovaniFrontEnd.TestSada FE 025 Filtrovani.KontrolaFiltrovaniPodleBarvy</stat>
<stat pass="3" fail="0" skip="0" id="s1-s1-s1-s13-s2" name="KontrolaFiltrovaniPodleKategorie">Robot.TestSada 100-HlavniStranka.TestSada FE 001 TestovaniFrontEnd.TestSada FE 025 Filtrovani.KontrolaFiltrovaniPodleKategorie</stat>
<stat pass="3" fail="0" skip="0" id="s1-s1-s1-s13-s3" name="KontrolaFiltrovaniPodleZnacky">Robot.TestSada 100-HlavniStranka.TestSada FE 001 TestovaniFrontEnd.TestSada FE 025 Filtrovani.KontrolaFiltrovaniPodleZnacky</stat>
<stat pass="7" fail="2" skip="0" id="s1-s2" name="TestSada 200 StrankaProduktu">Robot.TestSada 200 StrankaProduktu</stat>
<stat pass="7" fail="2" skip="0" id="s1-s2-s1" name="TestSada FE 201 TestovaniFrontEndu">Robot.TestSada 200 StrankaProduktu.TestSada FE 201 TestovaniFrontEndu</stat>
<stat pass="7" fail="2" skip="0" id="s1-s2-s1-s1" name="TestSada FE 202 Obrazky">Robot.TestSada 200 StrankaProduktu.TestSada FE 201 TestovaniFrontEndu.TestSada FE 202 Obrazky</stat>
<stat pass="3" fail="0" skip="0" id="s1-s2-s1-s1-s1" name="KontrolaObrazkuProduktu">Robot.TestSada 200 StrankaProduktu.TestSada FE 201 TestovaniFrontEndu.TestSada FE 202 Obrazky.KontrolaObrazkuProduktu</stat>
<stat pass="3" fail="0" skip="0" id="s1-s2-s1-s1-s2" name="KontrolaPosouvani">Robot.TestSada 200 StrankaProduktu.TestSada FE 201 TestovaniFrontEndu.TestSada FE 202 Obrazky.KontrolaPosouvani</stat>
<stat pass="1" fail="2" skip="0" id="s1-s2-s1-s1-s3" name="KontrolaPriblizeni">Robot.TestSada 200 StrankaProduktu.TestSada FE 201 TestovaniFrontEndu.TestSada FE 202 Obrazky.KontrolaPriblizeni</stat>
</suite>
</statistics>
<errors>
</errors>
</robot>
